<testsuites id="" name="" tests="24" failures="6" skipped="0" errors="0" time="831.5585279999999">
<testsuite name="paypal.spec.js" timestamp="2025-12-12T17:54:12.852Z" hostname="chromium" tests="2" failures="0" skipped="0" time="25.546" errors="0">
<testcase name="upgrade flow opens PayPal and handles cancel return" classname="paypal.spec.js" time="13.594">
<system-out>
<![CDATA[Static server started on port [33m5000[39m
[REQUEST] GET http://localhost:5000/
[REQUEST] GET http://localhost:5000/static/js/main.17cfa764.js
[REQUEST] GET http://localhost:5000/static/css/main.a2ad3029.css
[DEBUG] Page title after goto: AutoPromote
[REQUEST] GET https://autopromote.onrender.com/api/paypal-subscriptions/plans
[ROUTE FALLBACK] Intercepting https://autopromote.onrender.com/api/paypal-subscriptions/plans
[REQUEST] GET https://autopromote.onrender.com/api/paypal-subscriptions/status
[REQUEST] GET https://autopromote.onrender.com/api/content/my-content
[ROUTE FALLBACK] Intercepting https://autopromote.onrender.com/api/content/my-content
[REQUEST] GET https://www.paypalobjects.com/webstatic/mktg/logo/PP_AcceptanceMarkTray_150x40.png
[REQUEST] GET https://autopromote.onrender.com/api/content/my-promotion-schedules
[ROUTE FALLBACK] Intercepting https://autopromote.onrender.com/api/content/my-promotion-schedules
[DEBUG] Plan card titles: [ [32m'Pro'[39m, [32m'Free'[39m ]
[DEBUG] Plan cards subscribe info: [
  { title: [32m'Pro'[39m, hasSubscribe: [33mtrue[39m, subscribeText: [32m'Upgrade to Pro'[39m },
  { title: [32m'Free'[39m, hasSubscribe: [33mfalse[39m, subscribeText: [32m''[39m }
]
[REQUEST] POST https://autopromote.onrender.com/api/paypal-subscriptions/create-subscription
[ROUTE FALLBACK] Intercepting https://autopromote.onrender.com/api/paypal-subscriptions/create-subscription
[REQUEST] GET https://autopromote.onrender.com/api/health
[ROUTE FALLBACK] Intercepting https://autopromote.onrender.com/api/health
[REQUEST] GET http://localhost:5000/image.png

[[ATTACHMENT|..\..\..\..\test-results\paypal-upgrade-flow-opens-PayPal-and-handles-cancel-return-chromium\trace.zip]]
]]>
</system-out>
</testcase>
<testcase name="activation flow after approval updates subscription state" classname="paypal.spec.js" time="11.952">
<system-out>
<![CDATA[
[[ATTACHMENT|..\..\..\..\test-results\paypal-activation-flow-aft-2895f--updates-subscription-state-chromium\trace.zip]]
]]>
</system-out>
</testcase>
</testsuite>
<testsuite name="platform-cards.spec.js" timestamp="2025-12-12T17:54:12.852Z" hostname="chromium" tests="20" failures="6" skipped="0" time="682.4" errors="0">
<testcase name="Per-platform card: Spotify preview, quality, upload" classname="platform-cards.spec.js" time="4.272">
<system-out>
<![CDATA[Static server started on port [33m5000[39m
[ROUTE] intercept relative /api/content/upload POST {"title":"E2E","description":"desc","type":"video","isDryRun":true,"target_platforms":["spotify"],"platforms":["spotify"],"platform_options":{}}
[ROUTE] intercept relative /api/content/upload POST {"title":"E2E","description":"desc","type":"video","target_platforms":["spotify"],"platforms":["spotify"],"isDryRun":false,"platform_options":{}}

[[ATTACHMENT|..\..\..\..\test-results\platform-cards-Per-platfor-8e284-tify-preview-quality-upload-chromium\trace.zip]]
]]>
</system-out>
</testcase>
<testcase name="Per-platform card: Discord preview and upload" classname="platform-cards.spec.js" time="3.642">
<system-out>
<![CDATA[
[[ATTACHMENT|..\..\..\..\test-results\platform-cards-Per-platform-card-Discord-preview-and-upload-chromium\trace.zip]]
]]>
</system-out>
</testcase>
<testcase name="Per-platform card: Telegram preview and upload" classname="platform-cards.spec.js" time="6.218">
<system-out>
<![CDATA[
[[ATTACHMENT|..\..\..\..\test-results\platform-cards-Per-platform-card-Telegram-preview-and-upload-chromium\trace.zip]]
]]>
</system-out>
</testcase>
<testcase name="Per-platform card: Reddit preview and upload" classname="platform-cards.spec.js" time="4.565">
<system-out>
<![CDATA[
[[ATTACHMENT|..\..\..\..\test-results\platform-cards-Per-platform-card-Reddit-preview-and-upload-chromium\trace.zip]]
]]>
</system-out>
</testcase>
<testcase name="Per-platform card: LinkedIn preview and upload" classname="platform-cards.spec.js" time="3.259">
<system-out>
<![CDATA[
[[ATTACHMENT|..\..\..\..\test-results\platform-cards-Per-platform-card-LinkedIn-preview-and-upload-chromium\trace.zip]]
]]>
</system-out>
</testcase>
<testcase name="Per-platform card: Twitter preview and upload" classname="platform-cards.spec.js" time="4.383">
<system-out>
<![CDATA[
[[ATTACHMENT|..\..\..\..\test-results\platform-cards-Per-platform-card-Twitter-preview-and-upload-chromium\trace.zip]]
]]>
</system-out>
</testcase>
<testcase name="Per-platform card: Snapchat preview and upload" classname="platform-cards.spec.js" time="6.382">
<system-out>
<![CDATA[
[[ATTACHMENT|..\..\..\..\test-results\platform-cards-Per-platform-card-Snapchat-preview-and-upload-chromium\trace.zip]]
]]>
</system-out>
</testcase>
<testcase name="Per-platform card: Pinterest preview and upload" classname="platform-cards.spec.js" time="93.994">
<failure message="platform-cards.spec.js:204:1 Per-platform card: Pinterest preview and upload" type="FAILURE">
<![CDATA[  [chromium] â€º platform-cards.spec.js:204:1 â€º Per-platform card: Pinterest preview and upload â”€â”€â”€â”€â”€â”€

    TimeoutError: page.fill: Timeout 60000ms exceeded.
    Call log:
      - waiting for locator('input[placeholder="Pinterest board id (or leave blank)"]')


      215 |   // Fixture uses per-tile inputs with explicit ids
      216 |   // SPA uses shared inputs for Pinterest options; select by placeholder
    > 217 |   await page.fill('input[placeholder="Pinterest board id (or leave blank)"]', 'board-1');
          |              ^
      218 |   await page.fill('input[placeholder="Pin note (optional)"]', 'Test pin note');
      219 |   await page.setInputFiles('#content-file-input', 'test/e2e/playwright/test-assets/test.mp4');
      220 |   await page.click('#preview-btn');
        at C:\Users\asus\AutoPromte\AutoPromote\test\e2e\playwright\platform-cards.spec.js:217:14

    attachment #1: screenshot (image/png) â”€â”€â”€â”€â”€â”€â”€â”€â”€â”€â”€â”€â”€â”€â”€â”€â”€â”€â”€â”€â”€â”€â”€â”€â”€â”€â”€â”€â”€â”€â”€â”€â”€â”€â”€â”€â”€â”€â”€â”€â”€â”€â”€â”€â”€â”€â”€â”€â”€â”€â”€â”€â”€â”€â”€â”€â”€â”€
    ..\..\..\test-results\platform-cards-Per-platfor-365b7-interest-preview-and-upload-chromium\test-failed-1.png
    â”€â”€â”€â”€â”€â”€â”€â”€â”€â”€â”€â”€â”€â”€â”€â”€â”€â”€â”€â”€â”€â”€â”€â”€â”€â”€â”€â”€â”€â”€â”€â”€â”€â”€â”€â”€â”€â”€â”€â”€â”€â”€â”€â”€â”€â”€â”€â”€â”€â”€â”€â”€â”€â”€â”€â”€â”€â”€â”€â”€â”€â”€â”€â”€â”€â”€â”€â”€â”€â”€â”€â”€â”€â”€â”€â”€â”€â”€â”€â”€â”€â”€â”€â”€â”€â”€â”€â”€â”€â”€â”€â”€â”€â”€â”€â”€

    attachment #2: video (video/webm) â”€â”€â”€â”€â”€â”€â”€â”€â”€â”€â”€â”€â”€â”€â”€â”€â”€â”€â”€â”€â”€â”€â”€â”€â”€â”€â”€â”€â”€â”€â”€â”€â”€â”€â”€â”€â”€â”€â”€â”€â”€â”€â”€â”€â”€â”€â”€â”€â”€â”€â”€â”€â”€â”€â”€â”€â”€â”€â”€â”€â”€â”€
    ..\..\..\test-results\platform-cards-Per-platfor-365b7-interest-preview-and-upload-chromium\video.webm
    â”€â”€â”€â”€â”€â”€â”€â”€â”€â”€â”€â”€â”€â”€â”€â”€â”€â”€â”€â”€â”€â”€â”€â”€â”€â”€â”€â”€â”€â”€â”€â”€â”€â”€â”€â”€â”€â”€â”€â”€â”€â”€â”€â”€â”€â”€â”€â”€â”€â”€â”€â”€â”€â”€â”€â”€â”€â”€â”€â”€â”€â”€â”€â”€â”€â”€â”€â”€â”€â”€â”€â”€â”€â”€â”€â”€â”€â”€â”€â”€â”€â”€â”€â”€â”€â”€â”€â”€â”€â”€â”€â”€â”€â”€â”€â”€

    Error Context: ..\..\..\test-results\platform-cards-Per-platfor-365b7-interest-preview-and-upload-chromium\error-context.md

    attachment #4: trace (application/zip) â”€â”€â”€â”€â”€â”€â”€â”€â”€â”€â”€â”€â”€â”€â”€â”€â”€â”€â”€â”€â”€â”€â”€â”€â”€â”€â”€â”€â”€â”€â”€â”€â”€â”€â”€â”€â”€â”€â”€â”€â”€â”€â”€â”€â”€â”€â”€â”€â”€â”€â”€â”€â”€â”€â”€â”€â”€
    ..\..\..\test-results\platform-cards-Per-platfor-365b7-interest-preview-and-upload-chromium\trace.zip
    Usage:

        npx playwright show-trace ..\..\..\test-results\platform-cards-Per-platfor-365b7-interest-preview-and-upload-chromium\trace.zip

    â”€â”€â”€â”€â”€â”€â”€â”€â”€â”€â”€â”€â”€â”€â”€â”€â”€â”€â”€â”€â”€â”€â”€â”€â”€â”€â”€â”€â”€â”€â”€â”€â”€â”€â”€â”€â”€â”€â”€â”€â”€â”€â”€â”€â”€â”€â”€â”€â”€â”€â”€â”€â”€â”€â”€â”€â”€â”€â”€â”€â”€â”€â”€â”€â”€â”€â”€â”€â”€â”€â”€â”€â”€â”€â”€â”€â”€â”€â”€â”€â”€â”€â”€â”€â”€â”€â”€â”€â”€â”€â”€â”€â”€â”€â”€â”€
]]>
</failure>
<system-out>
<![CDATA[
[[ATTACHMENT|..\..\..\..\test-results\platform-cards-Per-platfor-365b7-interest-preview-and-upload-chromium\test-failed-1.png]]

[[ATTACHMENT|..\..\..\..\test-results\platform-cards-Per-platfor-365b7-interest-preview-and-upload-chromium\video.webm]]

[[ATTACHMENT|..\..\..\..\test-results\platform-cards-Per-platfor-365b7-interest-preview-and-upload-chromium\error-context.md]]

[[ATTACHMENT|..\..\..\..\test-results\platform-cards-Per-platfor-365b7-interest-preview-and-upload-chromium\trace.zip]]
]]>
</system-out>
</testcase>
<testcase name="Per-platform card: YouTube preview and upload" classname="platform-cards.spec.js" time="4.397">
<system-out>
<![CDATA[Static server started on port [33m5000[39m

[[ATTACHMENT|..\..\..\..\test-results\platform-cards-Per-platform-card-YouTube-preview-and-upload-chromium\trace.zip]]
]]>
</system-out>
</testcase>
<testcase name="Per-platform SPA: Spotify preview &amp; upload (dashboard)" classname="platform-cards.spec.js" time="15.576">
<system-out>
<![CDATA[[debug] localStorage user on SPA test: {"uid":"testUser","email":"test@local","name":"Test User","role":"user"}
[debug] nav innerHTML first 400 chars: <ul><li class="active">Profile</li><li class="">Upload</li><li class="">Schedules</li><li class="">Analytics</li><li class="">Rewards</li><li class="">Notifications</li><li class="">Earnings</li><li class="">ðŸ“¢ Ads</li><li class="">Connections</li><li class="">Admin Audit</li><li class="">Security</li><li class="">ðŸŽ¥ Feed</li><li class="">ðŸ’¬ Forum</li><li class="">AI Clips</li></ul>
[debug] file input files count: [33m1[39m
[debug] spotify tile class: platform-tile selected 
[debug] preview button disabled?: [33mfalse[39m
[PAGE LOG] [E2E] handlePlatformPreview called for platform: spotify
[PAGE LOG] [E2E] handlePlatformPreview called for platform: spotify
[PAGE LOG] [E2E] handlePlatformPreview contentData {title: test.mp4, type: video, description: , url: preview://test.mp4, file: Object}
[PAGE LOG] [E2E] handlePlatformPreview contentData {title: test.mp4, type: video, description: , url: preview://test.mp4, file: Object}
[PAGE LOG] [E2E] handleContentUpload called with params: {isDryRun: true, platforms: Array(1)}
[PAGE LOG] [E2E] handleContentUpload called with params: {isDryRun: true, platforms: Array(1)}
[PAGE LOG] [E2E] handleContentUpload: calling API https://autopromote.onrender.com/api/content/upload payload: {isDryRun: true, title: test.mp4, type: video, url: preview://test.mp4, description: } token? true
[PAGE LOG] [E2E] handleContentUpload: calling API https://autopromote.onrender.com/api/content/upload payload: {isDryRun: true, title: test.mp4, type: video, url: preview://test.mp4, description: } token? true
[REQUEST] POST https://autopromote.onrender.com/api/content/upload
[REQUEST] POST https://autopromote.onrender.com/api/content/upload
[ROUTE] intercept absolute /api/content/upload POST {"isDryRun":true,"title":"test.mp4","type":"video","url":"preview://test.mp4","description":"","target_platforms":["spotify"],"platform_options":{},"schedule_hint":{"frequency":"once","timezone":"UTC"},"meta":{"trimStart":0,"trimEnd":0}}
[RESPONSE] [33m200[39m https://autopromote.onrender.com/api/content/upload
[REQUEST] GET http://localhost:5000/default-thumb.png
[REQUEST] GET http://localhost:5000/default-thumb.png
[RESPONSE] [33m200[39m http://localhost:5000/default-thumb.png
[REQUEST] POST http://localhost:5000/api/content/quality-check
[REQUEST] POST http://localhost:5000/api/content/quality-check
[RESPONSE] [33m200[39m http://localhost:5000/api/content/quality-check
[PAGE LOG] [E2E] handleContentUpload called with params: {isDryRun: false, platforms: Array(1)}
[PAGE LOG] [E2E] handleContentUpload called with params: {isDryRun: false, platforms: Array(1)}
[REQUEST] POST https://firebasestorage.googleapis.com/v0/b/autopromote-cc6d3.firebasestorage.app/o?name=uploads%2Fvideos%2F1765562246923_test.mp4
[REQUEST] POST https://firebasestorage.googleapis.com/v0/b/autopromote-cc6d3.firebasestorage.app/o?name=uploads%2Fvideos%2F1765562246923_test.mp4
[RESPONSE] [33m200[39m https://firebasestorage.googleapis.com/v0/b/autopromote-cc6d3.firebasestorage.app/o?name=uploads%2Fvideos%2F1765562246923_test.mp4
[REQUEST] GET https://firebasestorage.googleapis.com/v0/b/autopromote-cc6d3.firebasestorage.app/o/uploads%2Fvideos%2F1765562246923_test.mp4
[REQUEST] GET https://firebasestorage.googleapis.com/v0/b/autopromote-cc6d3.firebasestorage.app/o/uploads%2Fvideos%2F1765562246923_test.mp4
[RESPONSE] [33m200[39m https://firebasestorage.googleapis.com/v0/b/autopromote-cc6d3.firebasestorage.app/o/uploads%2Fvideos%2F1765562246923_test.mp4
[PAGE LOG] [Upload] onUpload response: undefined
[PAGE LOG] [Upload] onUpload response: undefined

[[ATTACHMENT|..\..\..\..\test-results\platform-cards-Per-platfor-20aab-y-preview-upload-dashboard--chromium\trace.zip]]
]]>
</system-out>
</testcase>
<testcase name="Per-platform SPA: YouTube preview &amp; upload (dashboard)" classname="platform-cards.spec.js" time="31.341">
<system-out>
<![CDATA[
[[ATTACHMENT|..\..\..\..\test-results\platform-cards-Per-platfor-60ce6-e-preview-upload-dashboard--chromium\trace.zip]]
]]>
</system-out>
</testcase>
<testcase name="Per-platform SPA: TikTok preview &amp; upload (dashboard)" classname="platform-cards.spec.js" time="27.872">
<system-out>
<![CDATA[[DEBUG] platform-expanded HTML (short): <h4 style="margin: 0px 0px 8px;">Tiktok Options</h4><div style="margin-bottom: 8px; font-size: 13px; color: rgb(55, 65, 81);"><strong>Quick Guidelines:</strong><div style="font-size: 12px; color: rgb(107, 114, 128); margin-top: 4px;">9:16 â€¢ max: 60s â€¢ no watermarks</div><ul style="margin-top: 8px;"><li style="font-size: 13px; color: rgb(55, 65, 81);">Preferred aspect ratio: 9:16 (vertical)</li><li style="font-size: 13px; color: rgb(55, 65, 81);">Avoid watermarks or overlays; TikTok rejects watermarked content</li><li style="font-size: 13px; color: rgb(55, 65, 81);">Enable only allowed interactions (comments/duet/stitch) if the creator allows</li><li style="font-size: 13px; color: rgb(55, 65, 81);">Branded content cannot be private â€” choose public visibility</li><li style="font-size: 13px; color: rgb(55, 65, 81);">Creators may have custom max: 60s; the UI will enforce it if provided</li></ul></div><div style="display: flex; gap: 8px; align-items: center; margin-top: 8px;"><button type="button" class="preview-button">Preview</button><button type="button" class="quality-check-button">Quality Check</button><button type="button" class="submit-button">Upload to Tiktok</button></div><div style="display: grid; gap: 8px;"><div style="font-size: 12px; color: rgb(102, 102, 102);">Creator: Test Creator</div><div><label>Privacy (required)</label><select class="form-select"><option value="">Select privacy</option><option value="EVERYONE">EVERYONE</option><option value="FRIENDS">FRIENDS</option><option value="SELF_ONLY">SELF_ONLY</option></select></div><div><label>Interactions</label><div style="display: flex; gap: 8px; align-items: center;"><label><input type="checkbox"> Comments</label><label><input type="checkbox"> Duet</label><label><input type="checkbox" disabled=""> Stitch</label></div></div></div>
[DEBUG] platform-expanded labels: [ [32m'Privacy (required)'[39m, [32m'Interactions'[39m, [32m'Comments'[39m, [32m'Duet'[39m, [32m'Stitch'[39m ]
[DEBUG] TikTok consent label not present; relying on E2E flag

[[ATTACHMENT|..\..\..\..\test-results\platform-cards-Per-platfor-feafd-k-preview-upload-dashboard--chromium\trace.zip]]
]]>
</system-out>
</testcase>
<testcase name="Per-platform SPA: Snapchat preview &amp; upload (dashboard)" classname="platform-cards.spec.js" time="23.805">
<system-out>
<![CDATA[
[[ATTACHMENT|..\..\..\..\test-results\platform-cards-Per-platfor-3264b-t-preview-upload-dashboard--chromium\trace.zip]]
]]>
</system-out>
</testcase>
<testcase name="Per-platform SPA: Pinterest preview &amp; upload (dashboard)" classname="platform-cards.spec.js" time="18.634">
<system-out>
<![CDATA[
[[ATTACHMENT|..\..\..\..\test-results\platform-cards-Per-platfor-008c3-t-preview-upload-dashboard--chromium\trace.zip]]
]]>
</system-out>
</testcase>
<testcase name="Per-platform SPA: Discord preview &amp; upload (dashboard)" classname="platform-cards.spec.js" time="88.557">
<failure message="platform-cards.spec.js:557:1 Per-platform SPA: Discord preview &amp; upload (dashboard)" type="FAILURE">
<![CDATA[  [chromium] â€º platform-cards.spec.js:557:1 â€º Per-platform SPA: Discord preview & upload (dashboard) 

    TimeoutError: page.fill: Timeout 60000ms exceeded.
    Call log:
      - waiting for locator('#discord-channel-id')


      574 |   await discordTile.locator('button.edit-platform-btn').click();
      575 |   await page.waitForSelector('.platform-expanded');
    > 576 |   await page.fill('#discord-channel-id', '12345');
          |              ^
      577 |   await page.setInputFiles('#content-file-input', 'test/e2e/playwright/test-assets/test.mp4');
      578 |   await page.locator('.platform-expanded button.preview-button').click();
      579 |   await page.waitForSelector('.platform-expanded .preview-card');
        at C:\Users\asus\AutoPromte\AutoPromote\test\e2e\playwright\platform-cards.spec.js:576:14

    attachment #1: screenshot (image/png) â”€â”€â”€â”€â”€â”€â”€â”€â”€â”€â”€â”€â”€â”€â”€â”€â”€â”€â”€â”€â”€â”€â”€â”€â”€â”€â”€â”€â”€â”€â”€â”€â”€â”€â”€â”€â”€â”€â”€â”€â”€â”€â”€â”€â”€â”€â”€â”€â”€â”€â”€â”€â”€â”€â”€â”€â”€â”€
    ..\..\..\test-results\platform-cards-Per-platfor-e676b-d-preview-upload-dashboard--chromium\test-failed-1.png
    â”€â”€â”€â”€â”€â”€â”€â”€â”€â”€â”€â”€â”€â”€â”€â”€â”€â”€â”€â”€â”€â”€â”€â”€â”€â”€â”€â”€â”€â”€â”€â”€â”€â”€â”€â”€â”€â”€â”€â”€â”€â”€â”€â”€â”€â”€â”€â”€â”€â”€â”€â”€â”€â”€â”€â”€â”€â”€â”€â”€â”€â”€â”€â”€â”€â”€â”€â”€â”€â”€â”€â”€â”€â”€â”€â”€â”€â”€â”€â”€â”€â”€â”€â”€â”€â”€â”€â”€â”€â”€â”€â”€â”€â”€â”€â”€

    attachment #2: video (video/webm) â”€â”€â”€â”€â”€â”€â”€â”€â”€â”€â”€â”€â”€â”€â”€â”€â”€â”€â”€â”€â”€â”€â”€â”€â”€â”€â”€â”€â”€â”€â”€â”€â”€â”€â”€â”€â”€â”€â”€â”€â”€â”€â”€â”€â”€â”€â”€â”€â”€â”€â”€â”€â”€â”€â”€â”€â”€â”€â”€â”€â”€â”€
    ..\..\..\test-results\platform-cards-Per-platfor-e676b-d-preview-upload-dashboard--chromium\video.webm
    â”€â”€â”€â”€â”€â”€â”€â”€â”€â”€â”€â”€â”€â”€â”€â”€â”€â”€â”€â”€â”€â”€â”€â”€â”€â”€â”€â”€â”€â”€â”€â”€â”€â”€â”€â”€â”€â”€â”€â”€â”€â”€â”€â”€â”€â”€â”€â”€â”€â”€â”€â”€â”€â”€â”€â”€â”€â”€â”€â”€â”€â”€â”€â”€â”€â”€â”€â”€â”€â”€â”€â”€â”€â”€â”€â”€â”€â”€â”€â”€â”€â”€â”€â”€â”€â”€â”€â”€â”€â”€â”€â”€â”€â”€â”€â”€

    Error Context: ..\..\..\test-results\platform-cards-Per-platfor-e676b-d-preview-upload-dashboard--chromium\error-context.md

    attachment #4: trace (application/zip) â”€â”€â”€â”€â”€â”€â”€â”€â”€â”€â”€â”€â”€â”€â”€â”€â”€â”€â”€â”€â”€â”€â”€â”€â”€â”€â”€â”€â”€â”€â”€â”€â”€â”€â”€â”€â”€â”€â”€â”€â”€â”€â”€â”€â”€â”€â”€â”€â”€â”€â”€â”€â”€â”€â”€â”€â”€
    ..\..\..\test-results\platform-cards-Per-platfor-e676b-d-preview-upload-dashboard--chromium\trace.zip
    Usage:

        npx playwright show-trace ..\..\..\test-results\platform-cards-Per-platfor-e676b-d-preview-upload-dashboard--chromium\trace.zip

    â”€â”€â”€â”€â”€â”€â”€â”€â”€â”€â”€â”€â”€â”€â”€â”€â”€â”€â”€â”€â”€â”€â”€â”€â”€â”€â”€â”€â”€â”€â”€â”€â”€â”€â”€â”€â”€â”€â”€â”€â”€â”€â”€â”€â”€â”€â”€â”€â”€â”€â”€â”€â”€â”€â”€â”€â”€â”€â”€â”€â”€â”€â”€â”€â”€â”€â”€â”€â”€â”€â”€â”€â”€â”€â”€â”€â”€â”€â”€â”€â”€â”€â”€â”€â”€â”€â”€â”€â”€â”€â”€â”€â”€â”€â”€â”€
]]>
</failure>
<system-out>
<![CDATA[
[[ATTACHMENT|..\..\..\..\test-results\platform-cards-Per-platfor-e676b-d-preview-upload-dashboard--chromium\test-failed-1.png]]

[[ATTACHMENT|..\..\..\..\test-results\platform-cards-Per-platfor-e676b-d-preview-upload-dashboard--chromium\video.webm]]

[[ATTACHMENT|..\..\..\..\test-results\platform-cards-Per-platfor-e676b-d-preview-upload-dashboard--chromium\error-context.md]]

[[ATTACHMENT|..\..\..\..\test-results\platform-cards-Per-platfor-e676b-d-preview-upload-dashboard--chromium\trace.zip]]
]]>
</system-out>
</testcase>
<testcase name="Per-platform SPA: Telegram preview &amp; upload (dashboard)" classname="platform-cards.spec.js" time="85.954">
<failure message="platform-cards.spec.js:587:1 Per-platform SPA: Telegram preview &amp; upload (dashboard)" type="FAILURE">
<![CDATA[  [chromium] â€º platform-cards.spec.js:587:1 â€º Per-platform SPA: Telegram preview & upload (dashboard) 

    TimeoutError: page.fill: Timeout 60000ms exceeded.
    Call log:
      - waiting for locator('#telegram-chat-id')


      604 |   await telegramTile.locator('button.edit-platform-btn').click();
      605 |   await page.waitForSelector('.platform-expanded');
    > 606 |   await page.fill('#telegram-chat-id', '54321');
          |              ^
      607 |   await page.setInputFiles('#content-file-input', 'test/e2e/playwright/test-assets/test.mp4');
      608 |   await page.locator('.platform-expanded button.preview-button').click();
      609 |   await page.waitForSelector('.platform-expanded .preview-card');
        at C:\Users\asus\AutoPromte\AutoPromote\test\e2e\playwright\platform-cards.spec.js:606:14

    attachment #1: screenshot (image/png) â”€â”€â”€â”€â”€â”€â”€â”€â”€â”€â”€â”€â”€â”€â”€â”€â”€â”€â”€â”€â”€â”€â”€â”€â”€â”€â”€â”€â”€â”€â”€â”€â”€â”€â”€â”€â”€â”€â”€â”€â”€â”€â”€â”€â”€â”€â”€â”€â”€â”€â”€â”€â”€â”€â”€â”€â”€â”€
    ..\..\..\test-results\platform-cards-Per-platfor-fd634-m-preview-upload-dashboard--chromium\test-failed-1.png
    â”€â”€â”€â”€â”€â”€â”€â”€â”€â”€â”€â”€â”€â”€â”€â”€â”€â”€â”€â”€â”€â”€â”€â”€â”€â”€â”€â”€â”€â”€â”€â”€â”€â”€â”€â”€â”€â”€â”€â”€â”€â”€â”€â”€â”€â”€â”€â”€â”€â”€â”€â”€â”€â”€â”€â”€â”€â”€â”€â”€â”€â”€â”€â”€â”€â”€â”€â”€â”€â”€â”€â”€â”€â”€â”€â”€â”€â”€â”€â”€â”€â”€â”€â”€â”€â”€â”€â”€â”€â”€â”€â”€â”€â”€â”€â”€

    attachment #2: video (video/webm) â”€â”€â”€â”€â”€â”€â”€â”€â”€â”€â”€â”€â”€â”€â”€â”€â”€â”€â”€â”€â”€â”€â”€â”€â”€â”€â”€â”€â”€â”€â”€â”€â”€â”€â”€â”€â”€â”€â”€â”€â”€â”€â”€â”€â”€â”€â”€â”€â”€â”€â”€â”€â”€â”€â”€â”€â”€â”€â”€â”€â”€â”€
    ..\..\..\test-results\platform-cards-Per-platfor-fd634-m-preview-upload-dashboard--chromium\video.webm
    â”€â”€â”€â”€â”€â”€â”€â”€â”€â”€â”€â”€â”€â”€â”€â”€â”€â”€â”€â”€â”€â”€â”€â”€â”€â”€â”€â”€â”€â”€â”€â”€â”€â”€â”€â”€â”€â”€â”€â”€â”€â”€â”€â”€â”€â”€â”€â”€â”€â”€â”€â”€â”€â”€â”€â”€â”€â”€â”€â”€â”€â”€â”€â”€â”€â”€â”€â”€â”€â”€â”€â”€â”€â”€â”€â”€â”€â”€â”€â”€â”€â”€â”€â”€â”€â”€â”€â”€â”€â”€â”€â”€â”€â”€â”€â”€

    Error Context: ..\..\..\test-results\platform-cards-Per-platfor-fd634-m-preview-upload-dashboard--chromium\error-context.md

    attachment #4: trace (application/zip) â”€â”€â”€â”€â”€â”€â”€â”€â”€â”€â”€â”€â”€â”€â”€â”€â”€â”€â”€â”€â”€â”€â”€â”€â”€â”€â”€â”€â”€â”€â”€â”€â”€â”€â”€â”€â”€â”€â”€â”€â”€â”€â”€â”€â”€â”€â”€â”€â”€â”€â”€â”€â”€â”€â”€â”€â”€
    ..\..\..\test-results\platform-cards-Per-platfor-fd634-m-preview-upload-dashboard--chromium\trace.zip
    Usage:

        npx playwright show-trace ..\..\..\test-results\platform-cards-Per-platfor-fd634-m-preview-upload-dashboard--chromium\trace.zip

    â”€â”€â”€â”€â”€â”€â”€â”€â”€â”€â”€â”€â”€â”€â”€â”€â”€â”€â”€â”€â”€â”€â”€â”€â”€â”€â”€â”€â”€â”€â”€â”€â”€â”€â”€â”€â”€â”€â”€â”€â”€â”€â”€â”€â”€â”€â”€â”€â”€â”€â”€â”€â”€â”€â”€â”€â”€â”€â”€â”€â”€â”€â”€â”€â”€â”€â”€â”€â”€â”€â”€â”€â”€â”€â”€â”€â”€â”€â”€â”€â”€â”€â”€â”€â”€â”€â”€â”€â”€â”€â”€â”€â”€â”€â”€â”€
]]>
</failure>
<system-out>
<![CDATA[Static server started on port [33m5000[39m

[[ATTACHMENT|..\..\..\..\test-results\platform-cards-Per-platfor-fd634-m-preview-upload-dashboard--chromium\test-failed-1.png]]

[[ATTACHMENT|..\..\..\..\test-results\platform-cards-Per-platfor-fd634-m-preview-upload-dashboard--chromium\video.webm]]

[[ATTACHMENT|..\..\..\..\test-results\platform-cards-Per-platfor-fd634-m-preview-upload-dashboard--chromium\error-context.md]]

[[ATTACHMENT|..\..\..\..\test-results\platform-cards-Per-platfor-fd634-m-preview-upload-dashboard--chromium\trace.zip]]
]]>
</system-out>
</testcase>
<testcase name="Per-platform SPA: Reddit preview &amp; upload (dashboard)" classname="platform-cards.spec.js" time="86.785">
<failure message="platform-cards.spec.js:617:1 Per-platform SPA: Reddit preview &amp; upload (dashboard)" type="FAILURE">
<![CDATA[  [chromium] â€º platform-cards.spec.js:617:1 â€º Per-platform SPA: Reddit preview & upload (dashboard) 

    TimeoutError: page.fill: Timeout 60000ms exceeded.
    Call log:
      - waiting for locator('#reddit-subreddit')


      634 |   await redditTile.locator('button.edit-platform-btn').click();
      635 |   await page.waitForSelector('.platform-expanded');
    > 636 |   await page.fill('#reddit-subreddit', 'testsub');
          |              ^
      637 |   await page.setInputFiles('#content-file-input', 'test/e2e/playwright/test-assets/test.mp4');
      638 |   await page.locator('.platform-expanded button.preview-button').click();
      639 |   await page.waitForSelector('.platform-expanded .preview-card');
        at C:\Users\asus\AutoPromte\AutoPromote\test\e2e\playwright\platform-cards.spec.js:636:14

    attachment #1: screenshot (image/png) â”€â”€â”€â”€â”€â”€â”€â”€â”€â”€â”€â”€â”€â”€â”€â”€â”€â”€â”€â”€â”€â”€â”€â”€â”€â”€â”€â”€â”€â”€â”€â”€â”€â”€â”€â”€â”€â”€â”€â”€â”€â”€â”€â”€â”€â”€â”€â”€â”€â”€â”€â”€â”€â”€â”€â”€â”€â”€
    ..\..\..\test-results\platform-cards-Per-platfor-14be2-t-preview-upload-dashboard--chromium\test-failed-1.png
    â”€â”€â”€â”€â”€â”€â”€â”€â”€â”€â”€â”€â”€â”€â”€â”€â”€â”€â”€â”€â”€â”€â”€â”€â”€â”€â”€â”€â”€â”€â”€â”€â”€â”€â”€â”€â”€â”€â”€â”€â”€â”€â”€â”€â”€â”€â”€â”€â”€â”€â”€â”€â”€â”€â”€â”€â”€â”€â”€â”€â”€â”€â”€â”€â”€â”€â”€â”€â”€â”€â”€â”€â”€â”€â”€â”€â”€â”€â”€â”€â”€â”€â”€â”€â”€â”€â”€â”€â”€â”€â”€â”€â”€â”€â”€â”€

    attachment #2: video (video/webm) â”€â”€â”€â”€â”€â”€â”€â”€â”€â”€â”€â”€â”€â”€â”€â”€â”€â”€â”€â”€â”€â”€â”€â”€â”€â”€â”€â”€â”€â”€â”€â”€â”€â”€â”€â”€â”€â”€â”€â”€â”€â”€â”€â”€â”€â”€â”€â”€â”€â”€â”€â”€â”€â”€â”€â”€â”€â”€â”€â”€â”€â”€
    ..\..\..\test-results\platform-cards-Per-platfor-14be2-t-preview-upload-dashboard--chromium\video.webm
    â”€â”€â”€â”€â”€â”€â”€â”€â”€â”€â”€â”€â”€â”€â”€â”€â”€â”€â”€â”€â”€â”€â”€â”€â”€â”€â”€â”€â”€â”€â”€â”€â”€â”€â”€â”€â”€â”€â”€â”€â”€â”€â”€â”€â”€â”€â”€â”€â”€â”€â”€â”€â”€â”€â”€â”€â”€â”€â”€â”€â”€â”€â”€â”€â”€â”€â”€â”€â”€â”€â”€â”€â”€â”€â”€â”€â”€â”€â”€â”€â”€â”€â”€â”€â”€â”€â”€â”€â”€â”€â”€â”€â”€â”€â”€â”€

    Error Context: ..\..\..\test-results\platform-cards-Per-platfor-14be2-t-preview-upload-dashboard--chromium\error-context.md

    attachment #4: trace (application/zip) â”€â”€â”€â”€â”€â”€â”€â”€â”€â”€â”€â”€â”€â”€â”€â”€â”€â”€â”€â”€â”€â”€â”€â”€â”€â”€â”€â”€â”€â”€â”€â”€â”€â”€â”€â”€â”€â”€â”€â”€â”€â”€â”€â”€â”€â”€â”€â”€â”€â”€â”€â”€â”€â”€â”€â”€â”€
    ..\..\..\test-results\platform-cards-Per-platfor-14be2-t-preview-upload-dashboard--chromium\trace.zip
    Usage:

        npx playwright show-trace ..\..\..\test-results\platform-cards-Per-platfor-14be2-t-preview-upload-dashboard--chromium\trace.zip

    â”€â”€â”€â”€â”€â”€â”€â”€â”€â”€â”€â”€â”€â”€â”€â”€â”€â”€â”€â”€â”€â”€â”€â”€â”€â”€â”€â”€â”€â”€â”€â”€â”€â”€â”€â”€â”€â”€â”€â”€â”€â”€â”€â”€â”€â”€â”€â”€â”€â”€â”€â”€â”€â”€â”€â”€â”€â”€â”€â”€â”€â”€â”€â”€â”€â”€â”€â”€â”€â”€â”€â”€â”€â”€â”€â”€â”€â”€â”€â”€â”€â”€â”€â”€â”€â”€â”€â”€â”€â”€â”€â”€â”€â”€â”€â”€
]]>
</failure>
<system-out>
<![CDATA[Static server started on port [33m5000[39m

[[ATTACHMENT|..\..\..\..\test-results\platform-cards-Per-platfor-14be2-t-preview-upload-dashboard--chromium\test-failed-1.png]]

[[ATTACHMENT|..\..\..\..\test-results\platform-cards-Per-platfor-14be2-t-preview-upload-dashboard--chromium\video.webm]]

[[ATTACHMENT|..\..\..\..\test-results\platform-cards-Per-platfor-14be2-t-preview-upload-dashboard--chromium\error-context.md]]

[[ATTACHMENT|..\..\..\..\test-results\platform-cards-Per-platfor-14be2-t-preview-upload-dashboard--chromium\trace.zip]]
]]>
</system-out>
</testcase>
<testcase name="Per-platform SPA: LinkedIn preview &amp; upload (dashboard)" classname="platform-cards.spec.js" time="78.706">
<failure message="platform-cards.spec.js:647:1 Per-platform SPA: LinkedIn preview &amp; upload (dashboard)" type="FAILURE">
<![CDATA[  [chromium] â€º platform-cards.spec.js:647:1 â€º Per-platform SPA: LinkedIn preview & upload (dashboard) 

    TimeoutError: locator.click: Timeout 60000ms exceeded.
    Call log:
      - waiting for locator('div[aria-label="LinkedIn"]')


      661 |   await page.waitForSelector('#content-file-input');
      662 |   const linkedinTile = page.locator('div[aria-label="LinkedIn"]');
    > 663 |   await linkedinTile.click();
          |                      ^
      664 |   await linkedinTile.locator('button.edit-platform-btn').click();
      665 |   await page.waitForSelector('.platform-expanded');
      666 |   await page.fill('#linkedin-company-id', '98765');
        at C:\Users\asus\AutoPromte\AutoPromote\test\e2e\playwright\platform-cards.spec.js:663:22

    attachment #1: screenshot (image/png) â”€â”€â”€â”€â”€â”€â”€â”€â”€â”€â”€â”€â”€â”€â”€â”€â”€â”€â”€â”€â”€â”€â”€â”€â”€â”€â”€â”€â”€â”€â”€â”€â”€â”€â”€â”€â”€â”€â”€â”€â”€â”€â”€â”€â”€â”€â”€â”€â”€â”€â”€â”€â”€â”€â”€â”€â”€â”€
    ..\..\..\test-results\platform-cards-Per-platfor-add2b-n-preview-upload-dashboard--chromium\test-failed-1.png
    â”€â”€â”€â”€â”€â”€â”€â”€â”€â”€â”€â”€â”€â”€â”€â”€â”€â”€â”€â”€â”€â”€â”€â”€â”€â”€â”€â”€â”€â”€â”€â”€â”€â”€â”€â”€â”€â”€â”€â”€â”€â”€â”€â”€â”€â”€â”€â”€â”€â”€â”€â”€â”€â”€â”€â”€â”€â”€â”€â”€â”€â”€â”€â”€â”€â”€â”€â”€â”€â”€â”€â”€â”€â”€â”€â”€â”€â”€â”€â”€â”€â”€â”€â”€â”€â”€â”€â”€â”€â”€â”€â”€â”€â”€â”€â”€

    attachment #2: video (video/webm) â”€â”€â”€â”€â”€â”€â”€â”€â”€â”€â”€â”€â”€â”€â”€â”€â”€â”€â”€â”€â”€â”€â”€â”€â”€â”€â”€â”€â”€â”€â”€â”€â”€â”€â”€â”€â”€â”€â”€â”€â”€â”€â”€â”€â”€â”€â”€â”€â”€â”€â”€â”€â”€â”€â”€â”€â”€â”€â”€â”€â”€â”€
    ..\..\..\test-results\platform-cards-Per-platfor-add2b-n-preview-upload-dashboard--chromium\video.webm
    â”€â”€â”€â”€â”€â”€â”€â”€â”€â”€â”€â”€â”€â”€â”€â”€â”€â”€â”€â”€â”€â”€â”€â”€â”€â”€â”€â”€â”€â”€â”€â”€â”€â”€â”€â”€â”€â”€â”€â”€â”€â”€â”€â”€â”€â”€â”€â”€â”€â”€â”€â”€â”€â”€â”€â”€â”€â”€â”€â”€â”€â”€â”€â”€â”€â”€â”€â”€â”€â”€â”€â”€â”€â”€â”€â”€â”€â”€â”€â”€â”€â”€â”€â”€â”€â”€â”€â”€â”€â”€â”€â”€â”€â”€â”€â”€

    Error Context: ..\..\..\test-results\platform-cards-Per-platfor-add2b-n-preview-upload-dashboard--chromium\error-context.md

    attachment #4: trace (application/zip) â”€â”€â”€â”€â”€â”€â”€â”€â”€â”€â”€â”€â”€â”€â”€â”€â”€â”€â”€â”€â”€â”€â”€â”€â”€â”€â”€â”€â”€â”€â”€â”€â”€â”€â”€â”€â”€â”€â”€â”€â”€â”€â”€â”€â”€â”€â”€â”€â”€â”€â”€â”€â”€â”€â”€â”€â”€
    ..\..\..\test-results\platform-cards-Per-platfor-add2b-n-preview-upload-dashboard--chromium\trace.zip
    Usage:

        npx playwright show-trace ..\..\..\test-results\platform-cards-Per-platfor-add2b-n-preview-upload-dashboard--chromium\trace.zip

    â”€â”€â”€â”€â”€â”€â”€â”€â”€â”€â”€â”€â”€â”€â”€â”€â”€â”€â”€â”€â”€â”€â”€â”€â”€â”€â”€â”€â”€â”€â”€â”€â”€â”€â”€â”€â”€â”€â”€â”€â”€â”€â”€â”€â”€â”€â”€â”€â”€â”€â”€â”€â”€â”€â”€â”€â”€â”€â”€â”€â”€â”€â”€â”€â”€â”€â”€â”€â”€â”€â”€â”€â”€â”€â”€â”€â”€â”€â”€â”€â”€â”€â”€â”€â”€â”€â”€â”€â”€â”€â”€â”€â”€â”€â”€â”€
]]>
</failure>
<system-out>
<![CDATA[Static server started on port [33m5000[39m

[[ATTACHMENT|..\..\..\..\test-results\platform-cards-Per-platfor-add2b-n-preview-upload-dashboard--chromium\test-failed-1.png]]

[[ATTACHMENT|..\..\..\..\test-results\platform-cards-Per-platfor-add2b-n-preview-upload-dashboard--chromium\video.webm]]

[[ATTACHMENT|..\..\..\..\test-results\platform-cards-Per-platfor-add2b-n-preview-upload-dashboard--chromium\error-context.md]]

[[ATTACHMENT|..\..\..\..\test-results\platform-cards-Per-platfor-add2b-n-preview-upload-dashboard--chromium\trace.zip]]
]]>
</system-out>
</testcase>
<testcase name="Per-platform SPA: Twitter preview &amp; upload (dashboard)" classname="platform-cards.spec.js" time="90.58">
<failure message="platform-cards.spec.js:677:1 Per-platform SPA: Twitter preview &amp; upload (dashboard)" type="FAILURE">
<![CDATA[  [chromium] â€º platform-cards.spec.js:677:1 â€º Per-platform SPA: Twitter preview & upload (dashboard) 

    TimeoutError: page.fill: Timeout 60000ms exceeded.
    Call log:
      - waiting for locator('#twitter-message')


      694 |   await twitterTile.locator('button.edit-platform-btn').click();
      695 |   await page.waitForSelector('.platform-expanded');
    > 696 |   await page.fill('#twitter-message', 'Test tweet');
          |              ^
      697 |   await page.setInputFiles('#content-file-input', 'test/e2e/playwright/test-assets/test.mp4');
      698 |   await page.locator('.platform-expanded button.preview-button').click();
      699 |   await page.waitForSelector('.platform-expanded .preview-card');
        at C:\Users\asus\AutoPromte\AutoPromote\test\e2e\playwright\platform-cards.spec.js:696:14

    attachment #1: screenshot (image/png) â”€â”€â”€â”€â”€â”€â”€â”€â”€â”€â”€â”€â”€â”€â”€â”€â”€â”€â”€â”€â”€â”€â”€â”€â”€â”€â”€â”€â”€â”€â”€â”€â”€â”€â”€â”€â”€â”€â”€â”€â”€â”€â”€â”€â”€â”€â”€â”€â”€â”€â”€â”€â”€â”€â”€â”€â”€â”€
    ..\..\..\test-results\platform-cards-Per-platfor-70601-r-preview-upload-dashboard--chromium\test-failed-1.png
    â”€â”€â”€â”€â”€â”€â”€â”€â”€â”€â”€â”€â”€â”€â”€â”€â”€â”€â”€â”€â”€â”€â”€â”€â”€â”€â”€â”€â”€â”€â”€â”€â”€â”€â”€â”€â”€â”€â”€â”€â”€â”€â”€â”€â”€â”€â”€â”€â”€â”€â”€â”€â”€â”€â”€â”€â”€â”€â”€â”€â”€â”€â”€â”€â”€â”€â”€â”€â”€â”€â”€â”€â”€â”€â”€â”€â”€â”€â”€â”€â”€â”€â”€â”€â”€â”€â”€â”€â”€â”€â”€â”€â”€â”€â”€â”€

    attachment #2: video (video/webm) â”€â”€â”€â”€â”€â”€â”€â”€â”€â”€â”€â”€â”€â”€â”€â”€â”€â”€â”€â”€â”€â”€â”€â”€â”€â”€â”€â”€â”€â”€â”€â”€â”€â”€â”€â”€â”€â”€â”€â”€â”€â”€â”€â”€â”€â”€â”€â”€â”€â”€â”€â”€â”€â”€â”€â”€â”€â”€â”€â”€â”€â”€
    ..\..\..\test-results\platform-cards-Per-platfor-70601-r-preview-upload-dashboard--chromium\video.webm
    â”€â”€â”€â”€â”€â”€â”€â”€â”€â”€â”€â”€â”€â”€â”€â”€â”€â”€â”€â”€â”€â”€â”€â”€â”€â”€â”€â”€â”€â”€â”€â”€â”€â”€â”€â”€â”€â”€â”€â”€â”€â”€â”€â”€â”€â”€â”€â”€â”€â”€â”€â”€â”€â”€â”€â”€â”€â”€â”€â”€â”€â”€â”€â”€â”€â”€â”€â”€â”€â”€â”€â”€â”€â”€â”€â”€â”€â”€â”€â”€â”€â”€â”€â”€â”€â”€â”€â”€â”€â”€â”€â”€â”€â”€â”€â”€

    Error Context: ..\..\..\test-results\platform-cards-Per-platfor-70601-r-preview-upload-dashboard--chromium\error-context.md

    attachment #4: trace (application/zip) â”€â”€â”€â”€â”€â”€â”€â”€â”€â”€â”€â”€â”€â”€â”€â”€â”€â”€â”€â”€â”€â”€â”€â”€â”€â”€â”€â”€â”€â”€â”€â”€â”€â”€â”€â”€â”€â”€â”€â”€â”€â”€â”€â”€â”€â”€â”€â”€â”€â”€â”€â”€â”€â”€â”€â”€â”€
    ..\..\..\test-results\platform-cards-Per-platfor-70601-r-preview-upload-dashboard--chromium\trace.zip
    Usage:

        npx playwright show-trace ..\..\..\test-results\platform-cards-Per-platfor-70601-r-preview-upload-dashboard--chromium\trace.zip

    â”€â”€â”€â”€â”€â”€â”€â”€â”€â”€â”€â”€â”€â”€â”€â”€â”€â”€â”€â”€â”€â”€â”€â”€â”€â”€â”€â”€â”€â”€â”€â”€â”€â”€â”€â”€â”€â”€â”€â”€â”€â”€â”€â”€â”€â”€â”€â”€â”€â”€â”€â”€â”€â”€â”€â”€â”€â”€â”€â”€â”€â”€â”€â”€â”€â”€â”€â”€â”€â”€â”€â”€â”€â”€â”€â”€â”€â”€â”€â”€â”€â”€â”€â”€â”€â”€â”€â”€â”€â”€â”€â”€â”€â”€â”€â”€
]]>
</failure>
<system-out>
<![CDATA[Static server started on port [33m5000[39m

[[ATTACHMENT|..\..\..\..\test-results\platform-cards-Per-platfor-70601-r-preview-upload-dashboard--chromium\test-failed-1.png]]

[[ATTACHMENT|..\..\..\..\test-results\platform-cards-Per-platfor-70601-r-preview-upload-dashboard--chromium\video.webm]]

[[ATTACHMENT|..\..\..\..\test-results\platform-cards-Per-platfor-70601-r-preview-upload-dashboard--chromium\error-context.md]]

[[ATTACHMENT|..\..\..\..\test-results\platform-cards-Per-platfor-70601-r-preview-upload-dashboard--chromium\trace.zip]]
]]>
</system-out>
</testcase>
<testcase name="Per-platform card: TikTok respects creator_info and allows upload" classname="platform-cards.spec.js" time="3.478">
<system-out>
<![CDATA[Static server started on port [33m5000[39m

[[ATTACHMENT|..\..\..\..\test-results\platform-cards-Per-platfor-be3d8-ator-info-and-allows-upload-chromium\trace.zip]]
]]>
</system-out>
</testcase>
</testsuite>
<testsuite name="upload.api.spec.js" timestamp="2025-12-12T17:54:12.852Z" hostname="chromium" tests="1" failures="0" skipped="0" time="32.181" errors="0">
<testcase name="API upload test - create content and check Firestore" classname="upload.api.spec.js" time="32.181">
<system-out>
<![CDATA[[diagnostic] google-gax@4.6.1 at C:\Users\asus\AutoPromte\AutoPromote\node_modules\google-gax\build\src\index.js; @grpc/grpc-js@1.14.0 at C:\Users\asus\AutoPromte\AutoPromote\node_modules\@grpc\grpc-js\package.json (has single-subchannel-channel: true)
[startup] Keep-alive agents enabled (max=50, free=10)
âœ… Auth routes loaded
âœ… User routes loaded
âœ… Content routes loaded
âœ… Analytics routes loaded
âœ… Admin routes loaded
âœ… Admin analytics routes loaded
âœ… Using top-level tiktokRoutes.js
âœ… Telegram routes loaded
âœ… Facebook routes loaded
âœ… YouTube routes loaded
âœ… Twitter auth routes loaded
âœ… Snapchat routes loaded
âœ… Generic platform routes loaded
âœ… Promotion task routes loaded
âœ… Notifications routes loaded
âœ… Captions routes loaded
âœ… Admin cache routes loaded
âœ… Metrics routes loaded
âœ… Instagram routes loaded
âœ… Platform connections routes loaded
âœ… Admin security routes loaded
âœ… Shortlink routes loaded
âœ… Billing routes loaded
âœ… Payments status routes loaded
âœ… Payments extended routes loaded
âœ… PayPal webhook routes loaded
âœ… PayPal subscription routes loaded
âœ… Viral boost routes loaded
âœ… Rewards routes loaded
âœ… Variant admin routes loaded
âœ… AB admin routes loaded
âœ… Admin config routes loaded
âœ… Admin dashboard routes loaded
âœ… Admin bandit routes loaded
âœ… Admin alerts routes loaded
âœ… Admin ops routes loaded
âœ… Admin email verification routes loaded
âœ… Discord routes loaded
[diagnostic] CORS allowAll: [33mtrue[39m allowedOrigins: https://www.autopromote.org,https://autopromote.org,https://autopromote-1.onrender.com,https://autopromote.onrender.com
âœ… Distributed rate limiter active
âœ… CodeQL general rate limiter applied at /api/
ðŸš TikTok routes mounted at /api/tiktok
ðŸš Telegram routes mounted at /api/telegram
ðŸš Facebook routes mounted at /api/facebook
ðŸš YouTube routes mounted at /api/youtube
ðŸš Twitter routes mounted at /api/twitter
ðŸš Snapchat routes mounted at /api/snapchat
ðŸš Platform connections routes mounted at /api/platform
ðŸš Community feed routes mounted at /api/community
ðŸš Viral growth routes mounted at /api/viral
ðŸš AI Clip generation routes mounted at /api/clips
ðŸš AI Chat routes mounted at /api/chat
ðŸš Assistant routes mounted at /api/assistant (ASSISTANT_ENABLED must be true to respond)
ðŸš Generic platform routes mounted at /api/:platform/*
ðŸš Promotion task routes mounted at /api/promotion-tasks
ðŸš Metrics routes mounted at /api/metrics
ðŸš Instagram routes mounted at /api/instagram
ðŸš Notifications routes mounted at /api/notifications
ðŸš AI Caption generation routes mounted at /api/captions
ðŸ” System diagnostics routes mounted at /api/diagnostics
ðŸš Admin cache routes mounted at /api/admin/cache
ðŸ“¢ Ads routes mounted at /api/ads
âœ… Demo page available at /tiktok-demo
âœ… Mock TikTok OAuth frontend available at /mock/tiktok_oauth_frontend.html
â„¹ï¸ Background job runner disabled (set ENABLE_BACKGROUND_JOBS=true to enable).
[request.debug] method: POST path: /api/content/upload headers: {
  origin: [90mundefined[39m,
  host: [32m'127.0.0.1:62065'[39m,
  [32m'user-agent'[39m: [32m'node-fetch/1.0 (+https://github.com/bitinn/node-fetch)'[39m,
  referer: [90mundefined[39m,
  [32m'content-type'[39m: [32m'application/json'[39m
}
[cors.origin] origin: [90mundefined[39m allowAll: [33mtrue[39m
[upload] origin: [90mundefined[39m auth: [33mtrue[39m
[ACCESS] ts=2025-12-12T18:07:40.630Z POST /api/content/upload status=201 requestID="mj36j9h6-268ca0a6-35a8-4d8a-94f0-4b53d68494c4" clientIP="::ffff:127.0.0.1" responseTimeMS=11155 responseBytes=71 userAgent="node-fetch/1.0 (+https://github.com/bitinn/node-fetch)"
[E2E] Skipping Firestore cleanup for fake content id: e2e-fake-1765562860623

[[ATTACHMENT|..\..\..\..\test-results\upload.api-API-upload-test-1342d-content-and-check-Firestore-chromium\trace.zip]]
]]>
</system-out>
<system-err>
<![CDATA[âš ï¸ DISCORD_PUBLIC_KEY is not set. /api/discord/interactions endpoint is disabled.
[VideoClipping] âš ï¸ OPENAI_API_KEY not configured. Falling back to Google Cloud.
[VideoClipping] âš ï¸ GOOGLE_CLOUD_API_KEY not configured.
[VideoClipping] ðŸ’¡ Add OPENAI_API_KEY or GOOGLE_CLOUD_API_KEY for transcription.
[Chatbot] âš ï¸ OPENAI_API_KEY not configured. Chatbot will not work.
[Chatbot] ðŸ’¡ Add OPENAI_API_KEY to your environment variables.
[Chatbot] ðŸ“– See OPENAI_SETUP_GUIDE.md for setup instructions.
[CaptionGen] âš ï¸ OPENAI_API_KEY not configured. Caption generation will not work.
[Hashtag] âš ï¸ OPENAI_API_KEY not configured. Advanced hashtag generation will not work.
âš ï¸ Could not seed lastAcceptedTerms for testUser123: Could not load the default credentials. Browse to https://cloud.google.com/docs/authentication/getting-started for more information.
[usageLimitMiddleware] Error checking usage limits: Error: Could not load the default credentials. Browse to https://cloud.google.com/docs/authentication/getting-started for more information.
    at GoogleAuth.getApplicationDefaultAsync [90m(C:\Users\asus\AutoPromte\AutoPromote\[39mnode_modules\[4mgoogle-auth-library[24m\build\src\auth\googleauth.js:287:15[90m)[39m
    at GoogleAuth._GoogleAuth_determineClient [90m(C:\Users\asus\AutoPromte\AutoPromote\[39mnode_modules\[4mgoogle-auth-library[24m\build\src\auth\googleauth.js:834:32[90m)[39m
    at GoogleAuth.getClient [90m(C:\Users\asus\AutoPromte\AutoPromote\[39mnode_modules\[4mgoogle-auth-library[24m\build\src\auth\googleauth.js:698:20[90m)[39m
    at GrpcClient._getCredentials [90m(C:\Users\asus\AutoPromte\AutoPromote\[39mnode_modules\[4mgoogle-gax[24m\src\grpc.ts:209:20[90m)[39m
    at GrpcClient.createStub [90m(C:\Users\asus\AutoPromte\AutoPromote\[39mnode_modules\[4mgoogle-gax[24m\src\grpc.ts:426:19[90m)[39m
Caused by: Error: 
    at [90mC:\Users\asus\AutoPromte\AutoPromote\[39mnode_modules\[4m@google-cloud\firestore[24m\build\src\index.js:1040:27
    at [90mC:\Users\asus\AutoPromte\AutoPromote\[39mnode_modules\[4m@google-cloud\firestore[24m\build\src\telemetry\enabled-trace-util.js:110:30
    at NoopContextManager.with [90m(C:\Users\asus\AutoPromte\AutoPromote\[39mnode_modules\[4m@opentelemetry\api[24m\src\context\NoopContextManager.ts:31:15[90m)[39m
    at ContextAPI.with [90m(C:\Users\asus\AutoPromte\AutoPromote\[39mnode_modules\[4m@opentelemetry\api[24m\src\api\context.ts:77:42[90m)[39m
    at NoopTracer.startActiveSpan [90m(C:\Users\asus\AutoPromte\AutoPromote\[39mnode_modules\[4m@opentelemetry\api[24m\src\trace\NoopTracer.ts:98:27[90m)[39m
    at ProxyTracer.startActiveSpan [90m(C:\Users\asus\AutoPromte\AutoPromote\[39mnode_modules\[4m@opentelemetry\api[24m\src\trace\ProxyTracer.ts:51:20[90m)[39m
    at EnabledTraceUtil.startActiveSpan [90m(C:\Users\asus\AutoPromte\AutoPromote\[39mnode_modules\[4m@google-cloud\firestore[24m\build\src\telemetry\enabled-trace-util.js:102:28[90m)[39m
    at Firestore.getAll [90m(C:\Users\asus\AutoPromte\AutoPromote\[39mnode_modules\[4m@google-cloud\firestore[24m\build\src\index.js:1031:32[90m)[39m
    at [90mC:\Users\asus\AutoPromte\AutoPromote\[39mnode_modules\[4m@google-cloud\firestore[24m\build\src\reference\document-reference.js:182:36
    at [90mC:\Users\asus\AutoPromte\AutoPromote\[39mnode_modules\[4m@google-cloud\firestore[24m\build\src\telemetry\enabled-trace-util.js:110:30
    at NoopContextManager.with [90m(C:\Users\asus\AutoPromte\AutoPromote\[39mnode_modules\[4m@opentelemetry\api[24m\src\context\NoopContextManager.ts:31:15[90m)[39m
    at ContextAPI.with [90m(C:\Users\asus\AutoPromte\AutoPromote\[39mnode_modules\[4m@opentelemetry\api[24m\src\api\context.ts:77:42[90m)[39m
    at NoopTracer.startActiveSpan [90m(C:\Users\asus\AutoPromte\AutoPromote\[39mnode_modules\[4m@opentelemetry\api[24m\src\trace\NoopTracer.ts:98:27[90m)[39m
    at ProxyTracer.startActiveSpan [90m(C:\Users\asus\AutoPromte\AutoPromote\[39mnode_modules\[4m@opentelemetry\api[24m\src\trace\ProxyTracer.ts:51:20[90m)[39m
    at EnabledTraceUtil.startActiveSpan [90m(C:\Users\asus\AutoPromte\AutoPromote\[39mnode_modules\[4m@google-cloud\firestore[24m\build\src\telemetry\enabled-trace-util.js:102:28[90m)[39m
    at DocumentReference.get [90m(C:\Users\asus\AutoPromte\AutoPromote\[39mnode_modules\[4m@google-cloud\firestore[24m\build\src\reference\document-reference.js:181:43[90m)[39m
    at [90mC:\Users\asus\AutoPromte\AutoPromote\[39msrc\middlewares\usageLimitMiddleware.js:54:64
    at Layer.handle [as handle_request] [90m(C:\Users\asus\AutoPromte\AutoPromote\[39mnode_modules\[4mexpress[24m\lib\router\layer.js:95:5[90m)[39m
    at next [90m(C:\Users\asus\AutoPromte\AutoPromote\[39mnode_modules\[4mexpress[24m\lib\router\route.js:149:13[90m)[39m
    at authMiddleware [90m(C:\Users\asus\AutoPromte\AutoPromote\[39msrc\authMiddleware.js:36:14[90m)[39m
    at Layer.handle [as handle_request] [90m(C:\Users\asus\AutoPromte\AutoPromote\[39mnode_modules\[4mexpress[24m\lib\router\layer.js:95:5[90m)[39m
    at next [90m(C:\Users\asus\AutoPromte\AutoPromote\[39mnode_modules\[4mexpress[24m\lib\router\route.js:149:13[90m)[39m
    at Route.dispatch [90m(C:\Users\asus\AutoPromte\AutoPromote\[39mnode_modules\[4mexpress[24m\lib\router\route.js:119:3[90m)[39m
    at Layer.handle [as handle_request] [90m(C:\Users\asus\AutoPromte\AutoPromote\[39mnode_modules\[4mexpress[24m\lib\router\layer.js:95:5[90m)[39m
    at [90mC:\Users\asus\AutoPromte\AutoPromote\[39mnode_modules\[4mexpress[24m\lib\router\index.js:284:15
    at Function.process_params [90m(C:\Users\asus\AutoPromte\AutoPromote\[39mnode_modules\[4mexpress[24m\lib\router\index.js:346:12[90m)[39m
    at next [90m(C:\Users\asus\AutoPromte\AutoPromote\[39mnode_modules\[4mexpress[24m\lib\router\index.js:280:10[90m)[39m
    at Function.handle [90m(C:\Users\asus\AutoPromte\AutoPromote\[39mnode_modules\[4mexpress[24m\lib\router\index.js:175:3[90m)[39m
    at router [90m(C:\Users\asus\AutoPromte\AutoPromote\[39mnode_modules\[4mexpress[24m\lib\router\index.js:47:12[90m)[39m
    at Layer.handle [as handle_request] [90m(C:\Users\asus\AutoPromte\AutoPromote\[39mnode_modules\[4mexpress[24m\lib\router\layer.js:95:5[90m)[39m
    at trim_prefix [90m(C:\Users\asus\AutoPromte\AutoPromote\[39mnode_modules\[4mexpress[24m\lib\router\index.js:328:13[90m)[39m
    at [90mC:\Users\asus\AutoPromte\AutoPromote\[39mnode_modules\[4mexpress[24m\lib\router\index.js:286:9
    at Function.process_params [90m(C:\Users\asus\AutoPromte\AutoPromote\[39mnode_modules\[4mexpress[24m\lib\router\index.js:346:12[90m)[39m
    at next [90m(C:\Users\asus\AutoPromte\AutoPromote\[39mnode_modules\[4mexpress[24m\lib\router\index.js:280:10[90m)[39m
    at [90mC:\Users\asus\AutoPromte\AutoPromote\[39msrc\middlewares\requireAcceptedTerms.js:15:164
    at Layer.handle [as handle_request] [90m(C:\Users\asus\AutoPromte\AutoPromote\[39mnode_modules\[4mexpress[24m\lib\router\layer.js:95:5[90m)[39m
    at trim_prefix [90m(C:\Users\asus\AutoPromte\AutoPromote\[39mnode_modules\[4mexpress[24m\lib\router\index.js:328:13[90m)[39m
    at [90mC:\Users\asus\AutoPromte\AutoPromote\[39mnode_modules\[4mexpress[24m\lib\router\index.js:286:9
    at Function.process_params [90m(C:\Users\asus\AutoPromte\AutoPromote\[39mnode_modules\[4mexpress[24m\lib\router\index.js:346:12[90m)[39m
    at next [90m(C:\Users\asus\AutoPromte\AutoPromote\[39mnode_modules\[4mexpress[24m\lib\router\index.js:280:10[90m)[39m
    at authMiddleware [90m(C:\Users\asus\AutoPromte\AutoPromote\[39msrc\authMiddleware.js:36:14[90m)[39m
    at Layer.handle [as handle_request] [90m(C:\Users\asus\AutoPromte\AutoPromote\[39mnode_modules\[4mexpress[24m\lib\router\layer.js:95:5[90m)[39m
    at trim_prefix [90m(C:\Users\asus\AutoPromte\AutoPromote\[39mnode_modules\[4mexpress[24m\lib\router\index.js:328:13[90m)[39m
    at [90mC:\Users\asus\AutoPromte\AutoPromote\[39mnode_modules\[4mexpress[24m\lib\router\index.js:286:9
    at Function.process_params [90m(C:\Users\asus\AutoPromte\AutoPromote\[39mnode_modules\[4mexpress[24m\lib\router\index.js:346:12[90m)[39m
    at next [90m(C:\Users\asus\AutoPromte\AutoPromote\[39mnode_modules\[4mexpress[24m\lib\router\index.js:280:10[90m)[39m
    at [90mC:\Users\asus\AutoPromte\AutoPromote\[39msrc\middlewares\globalRateLimiter.js:31:5
    at Layer.handle [as handle_request] [90m(C:\Users\asus\AutoPromte\AutoPromote\[39mnode_modules\[4mexpress[24m\lib\router\layer.js:95:5[90m)[39m
    at trim_prefix [90m(C:\Users\asus\AutoPromte\AutoPromote\[39mnode_modules\[4mexpress[24m\lib\router\index.js:328:13[90m)[39m
    at [90mC:\Users\asus\AutoPromte\AutoPromote\[39mnode_modules\[4mexpress[24m\lib\router\index.js:286:9
    at Function.process_params [90m(C:\Users\asus\AutoPromte\AutoPromote\[39mnode_modules\[4mexpress[24m\lib\router\index.js:346:12[90m)[39m
    at next [90m(C:\Users\asus\AutoPromte\AutoPromote\[39mnode_modules\[4mexpress[24m\lib\router\index.js:280:10[90m)[39m
    at [90mC:\Users\asus\AutoPromte\AutoPromote\[39mnode_modules\[4mexpress-rate-limit[24m\dist\index.cjs:659:7
[90m    at processTicksAndRejections (node:internal/process/task_queues:105:5)[39m
    at [90mC:\Users\asus\AutoPromte\AutoPromote\[39mnode_modules\[4mexpress-rate-limit[24m\dist\index.cjs:576:5
[slow] POST /api/content/upload 11155ms status=201
]]>
</system-err>
</testcase>
</testsuite>
<testsuite name="upload.spec.js" timestamp="2025-12-12T17:54:12.852Z" hostname="chromium" tests="1" failures="0" skipped="0" time="18.27" errors="0">
<testcase name="Upload flow creates content doc and sets spotify target" classname="upload.spec.js" time="18.27">
<system-out>
<![CDATA[[request.debug] method: POST path: /api/content/upload headers: {
  origin: [90mundefined[39m,
  host: [32m'127.0.0.1:65135'[39m,
  [32m'user-agent'[39m: [32m'node-fetch/1.0 (+https://github.com/bitinn/node-fetch)'[39m,
  referer: [90mundefined[39m,
  [32m'content-type'[39m: [32m'application/json'[39m
}
[cors.origin] origin: [90mundefined[39m allowAll: [33mtrue[39m
[upload] origin: [90mundefined[39m auth: [33mtrue[39m
[ACCESS] ts=2025-12-12T18:07:54.025Z POST /api/content/upload status=201 requestID="mj36jkia-e5ce4252-2dd3-4690-93a9-54ac6731f873" clientIP="::ffff:127.0.0.1" responseTimeMS=10263 responseBytes=71 userAgent="node-fetch/1.0 (+https://github.com/bitinn/node-fetch)"

[[ATTACHMENT|..\..\..\..\test-results\upload-Upload-flow-creates-80a4f-doc-and-sets-spotify-target-chromium\trace.zip]]
]]>
</system-out>
<system-err>
<![CDATA[âš ï¸ Could not seed lastAcceptedTerms for testUser123: Could not load the default credentials. Browse to https://cloud.google.com/docs/authentication/getting-started for more information.
[usageLimitMiddleware] Error checking usage limits: Error: Could not load the default credentials. Browse to https://cloud.google.com/docs/authentication/getting-started for more information.
    at GoogleAuth.getApplicationDefaultAsync [90m(C:\Users\asus\AutoPromte\AutoPromote\[39mnode_modules\[4mgoogle-auth-library[24m\build\src\auth\googleauth.js:287:15[90m)[39m
    at GoogleAuth._GoogleAuth_determineClient [90m(C:\Users\asus\AutoPromte\AutoPromote\[39mnode_modules\[4mgoogle-auth-library[24m\build\src\auth\googleauth.js:834:32[90m)[39m
    at GoogleAuth.getClient [90m(C:\Users\asus\AutoPromte\AutoPromote\[39mnode_modules\[4mgoogle-auth-library[24m\build\src\auth\googleauth.js:698:20[90m)[39m
    at GrpcClient._getCredentials [90m(C:\Users\asus\AutoPromte\AutoPromote\[39mnode_modules\[4mgoogle-gax[24m\src\grpc.ts:209:20[90m)[39m
    at GrpcClient.createStub [90m(C:\Users\asus\AutoPromte\AutoPromote\[39mnode_modules\[4mgoogle-gax[24m\src\grpc.ts:426:19[90m)[39m
Caused by: Error: 
    at [90mC:\Users\asus\AutoPromte\AutoPromote\[39mnode_modules\[4m@google-cloud\firestore[24m\build\src\index.js:1040:27
    at [90mC:\Users\asus\AutoPromte\AutoPromote\[39mnode_modules\[4m@google-cloud\firestore[24m\build\src\telemetry\enabled-trace-util.js:110:30
    at NoopContextManager.with [90m(C:\Users\asus\AutoPromte\AutoPromote\[39mnode_modules\[4m@opentelemetry\api[24m\src\context\NoopContextManager.ts:31:15[90m)[39m
    at ContextAPI.with [90m(C:\Users\asus\AutoPromte\AutoPromote\[39mnode_modules\[4m@opentelemetry\api[24m\src\api\context.ts:77:42[90m)[39m
    at NoopTracer.startActiveSpan [90m(C:\Users\asus\AutoPromte\AutoPromote\[39mnode_modules\[4m@opentelemetry\api[24m\src\trace\NoopTracer.ts:98:27[90m)[39m
    at ProxyTracer.startActiveSpan [90m(C:\Users\asus\AutoPromte\AutoPromote\[39mnode_modules\[4m@opentelemetry\api[24m\src\trace\ProxyTracer.ts:51:20[90m)[39m
    at EnabledTraceUtil.startActiveSpan [90m(C:\Users\asus\AutoPromte\AutoPromote\[39mnode_modules\[4m@google-cloud\firestore[24m\build\src\telemetry\enabled-trace-util.js:102:28[90m)[39m
    at Firestore.getAll [90m(C:\Users\asus\AutoPromte\AutoPromote\[39mnode_modules\[4m@google-cloud\firestore[24m\build\src\index.js:1031:32[90m)[39m
    at [90mC:\Users\asus\AutoPromte\AutoPromote\[39mnode_modules\[4m@google-cloud\firestore[24m\build\src\reference\document-reference.js:182:36
    at [90mC:\Users\asus\AutoPromte\AutoPromote\[39mnode_modules\[4m@google-cloud\firestore[24m\build\src\telemetry\enabled-trace-util.js:110:30
    at NoopContextManager.with [90m(C:\Users\asus\AutoPromte\AutoPromote\[39mnode_modules\[4m@opentelemetry\api[24m\src\context\NoopContextManager.ts:31:15[90m)[39m
    at ContextAPI.with [90m(C:\Users\asus\AutoPromte\AutoPromote\[39mnode_modules\[4m@opentelemetry\api[24m\src\api\context.ts:77:42[90m)[39m
    at NoopTracer.startActiveSpan [90m(C:\Users\asus\AutoPromte\AutoPromote\[39mnode_modules\[4m@opentelemetry\api[24m\src\trace\NoopTracer.ts:98:27[90m)[39m
    at ProxyTracer.startActiveSpan [90m(C:\Users\asus\AutoPromte\AutoPromote\[39mnode_modules\[4m@opentelemetry\api[24m\src\trace\ProxyTracer.ts:51:20[90m)[39m
    at EnabledTraceUtil.startActiveSpan [90m(C:\Users\asus\AutoPromte\AutoPromote\[39mnode_modules\[4m@google-cloud\firestore[24m\build\src\telemetry\enabled-trace-util.js:102:28[90m)[39m
    at DocumentReference.get [90m(C:\Users\asus\AutoPromte\AutoPromote\[39mnode_modules\[4m@google-cloud\firestore[24m\build\src\reference\document-reference.js:181:43[90m)[39m
    at [90mC:\Users\asus\AutoPromte\AutoPromote\[39msrc\middlewares\usageLimitMiddleware.js:54:64
    at Layer.handle [as handle_request] [90m(C:\Users\asus\AutoPromte\AutoPromote\[39mnode_modules\[4mexpress[24m\lib\router\layer.js:95:5[90m)[39m
    at next [90m(C:\Users\asus\AutoPromte\AutoPromote\[39mnode_modules\[4mexpress[24m\lib\router\route.js:149:13[90m)[39m
    at authMiddleware [90m(C:\Users\asus\AutoPromte\AutoPromote\[39msrc\authMiddleware.js:36:14[90m)[39m
    at Layer.handle [as handle_request] [90m(C:\Users\asus\AutoPromte\AutoPromote\[39mnode_modules\[4mexpress[24m\lib\router\layer.js:95:5[90m)[39m
    at next [90m(C:\Users\asus\AutoPromte\AutoPromote\[39mnode_modules\[4mexpress[24m\lib\router\route.js:149:13[90m)[39m
    at Route.dispatch [90m(C:\Users\asus\AutoPromte\AutoPromote\[39mnode_modules\[4mexpress[24m\lib\router\route.js:119:3[90m)[39m
    at Layer.handle [as handle_request] [90m(C:\Users\asus\AutoPromte\AutoPromote\[39mnode_modules\[4mexpress[24m\lib\router\layer.js:95:5[90m)[39m
    at [90mC:\Users\asus\AutoPromte\AutoPromote\[39mnode_modules\[4mexpress[24m\lib\router\index.js:284:15
    at Function.process_params [90m(C:\Users\asus\AutoPromte\AutoPromote\[39mnode_modules\[4mexpress[24m\lib\router\index.js:346:12[90m)[39m
    at next [90m(C:\Users\asus\AutoPromte\AutoPromote\[39mnode_modules\[4mexpress[24m\lib\router\index.js:280:10[90m)[39m
    at Function.handle [90m(C:\Users\asus\AutoPromte\AutoPromote\[39mnode_modules\[4mexpress[24m\lib\router\index.js:175:3[90m)[39m
    at router [90m(C:\Users\asus\AutoPromte\AutoPromote\[39mnode_modules\[4mexpress[24m\lib\router\index.js:47:12[90m)[39m
    at Layer.handle [as handle_request] [90m(C:\Users\asus\AutoPromte\AutoPromote\[39mnode_modules\[4mexpress[24m\lib\router\layer.js:95:5[90m)[39m
    at trim_prefix [90m(C:\Users\asus\AutoPromte\AutoPromote\[39mnode_modules\[4mexpress[24m\lib\router\index.js:328:13[90m)[39m
    at [90mC:\Users\asus\AutoPromte\AutoPromote\[39mnode_modules\[4mexpress[24m\lib\router\index.js:286:9
    at Function.process_params [90m(C:\Users\asus\AutoPromte\AutoPromote\[39mnode_modules\[4mexpress[24m\lib\router\index.js:346:12[90m)[39m
    at next [90m(C:\Users\asus\AutoPromte\AutoPromote\[39mnode_modules\[4mexpress[24m\lib\router\index.js:280:10[90m)[39m
    at [90mC:\Users\asus\AutoPromte\AutoPromote\[39msrc\middlewares\requireAcceptedTerms.js:15:164
    at Layer.handle [as handle_request] [90m(C:\Users\asus\AutoPromte\AutoPromote\[39mnode_modules\[4mexpress[24m\lib\router\layer.js:95:5[90m)[39m
    at trim_prefix [90m(C:\Users\asus\AutoPromte\AutoPromote\[39mnode_modules\[4mexpress[24m\lib\router\index.js:328:13[90m)[39m
    at [90mC:\Users\asus\AutoPromte\AutoPromote\[39mnode_modules\[4mexpress[24m\lib\router\index.js:286:9
    at Function.process_params [90m(C:\Users\asus\AutoPromte\AutoPromote\[39mnode_modules\[4mexpress[24m\lib\router\index.js:346:12[90m)[39m
    at next [90m(C:\Users\asus\AutoPromte\AutoPromote\[39mnode_modules\[4mexpress[24m\lib\router\index.js:280:10[90m)[39m
    at authMiddleware [90m(C:\Users\asus\AutoPromte\AutoPromote\[39msrc\authMiddleware.js:36:14[90m)[39m
    at Layer.handle [as handle_request] [90m(C:\Users\asus\AutoPromte\AutoPromote\[39mnode_modules\[4mexpress[24m\lib\router\layer.js:95:5[90m)[39m
    at trim_prefix [90m(C:\Users\asus\AutoPromte\AutoPromote\[39mnode_modules\[4mexpress[24m\lib\router\index.js:328:13[90m)[39m
    at [90mC:\Users\asus\AutoPromte\AutoPromote\[39mnode_modules\[4mexpress[24m\lib\router\index.js:286:9
    at Function.process_params [90m(C:\Users\asus\AutoPromte\AutoPromote\[39mnode_modules\[4mexpress[24m\lib\router\index.js:346:12[90m)[39m
    at next [90m(C:\Users\asus\AutoPromte\AutoPromote\[39mnode_modules\[4mexpress[24m\lib\router\index.js:280:10[90m)[39m
    at [90mC:\Users\asus\AutoPromte\AutoPromote\[39msrc\middlewares\globalRateLimiter.js:31:5
    at Layer.handle [as handle_request] [90m(C:\Users\asus\AutoPromte\AutoPromote\[39mnode_modules\[4mexpress[24m\lib\router\layer.js:95:5[90m)[39m
    at trim_prefix [90m(C:\Users\asus\AutoPromte\AutoPromote\[39mnode_modules\[4mexpress[24m\lib\router\index.js:328:13[90m)[39m
    at [90mC:\Users\asus\AutoPromte\AutoPromote\[39mnode_modules\[4mexpress[24m\lib\router\index.js:286:9
    at Function.process_params [90m(C:\Users\asus\AutoPromte\AutoPromote\[39mnode_modules\[4mexpress[24m\lib\router\index.js:346:12[90m)[39m
    at next [90m(C:\Users\asus\AutoPromte\AutoPromote\[39mnode_modules\[4mexpress[24m\lib\router\index.js:280:10[90m)[39m
    at [90mC:\Users\asus\AutoPromte\AutoPromote\[39mnode_modules\[4mexpress-rate-limit[24m\dist\index.cjs:659:7
[90m    at processTicksAndRejections (node:internal/process/task_queues:105:5)[39m
    at [90mC:\Users\asus\AutoPromte\AutoPromote\[39mnode_modules\[4mexpress-rate-limit[24m\dist\index.cjs:576:5
[slow] POST /api/content/upload 10263ms status=201
[E2E] Skipping Firestore assertions; GOOGLE_APPLICATION_CREDENTIALS not set
]]>
</system-err>
</testcase>
</testsuite>
</testsuites>