{"numFailedTestSuites":0,"numFailedTests":0,"numPassedTestSuites":6,"numPassedTests":13,"numPendingTestSuites":0,"numPendingTests":0,"numRuntimeErrorTestSuites":0,"numTodoTests":0,"numTotalTestSuites":6,"numTotalTests":13,"openHandles":[],"snapshot":{"added":0,"didUpdate":false,"failure":false,"filesAdded":0,"filesRemoved":0,"filesRemovedList":[],"filesUnmatched":0,"filesUpdated":0,"matched":0,"total":0,"unchecked":0,"uncheckedKeysByFile":[],"unmatched":0,"updated":0},"startTime":1765084981350,"success":true,"testResults":[{"assertionResults":[{"ancestorTitles":["ScheduleCard"],"duration":596,"failing":false,"failureDetails":[],"failureMessages":[],"fullName":"ScheduleCard renders a cute schedule card with content preview and actions","invocations":1,"location":null,"numPassingAsserts":2,"retryReasons":[],"startAt":1765084992233,"status":"passed","title":"renders a cute schedule card with content preview and actions"}],"endTime":1765084992844,"message":"","name":"C:\\Users\\asus\\AutoPromte\\AutoPromote\\frontend\\src\\__tests__\\scheduleCard.test.js","startTime":1765084985163,"status":"passed","summary":""},{"assertionResults":[{"ancestorTitles":["ContentUploadForm controlled mode"],"duration":397,"failing":false,"failureDetails":[],"failureMessages":[],"fullName":"ContentUploadForm controlled mode toggles platform selection via external setter","invocations":1,"location":null,"numPassingAsserts":2,"retryReasons":[],"startAt":1765084996615,"status":"passed","title":"toggles platform selection via external setter"},{"ancestorTitles":["ContentUploadForm controlled mode"],"duration":231,"failing":false,"failureDetails":[],"failureMessages":[],"fullName":"ContentUploadForm controlled mode calls setPlatformOption when platform option changes","invocations":1,"location":null,"numPassingAsserts":1,"retryReasons":[],"startAt":1765084997014,"status":"passed","title":"calls setPlatformOption when platform option changes"},{"ancestorTitles":["ContentUploadForm controlled mode"],"duration":294,"failing":false,"failureDetails":[],"failureMessages":[],"fullName":"ContentUploadForm controlled mode show dragging visual on drop-zone drag events","invocations":1,"location":null,"numPassingAsserts":3,"retryReasons":[],"startAt":1765084997250,"status":"passed","title":"show dragging visual on drop-zone drag events"}],"endTime":1765084997548,"message":"","name":"C:\\Users\\asus\\AutoPromte\\AutoPromote\\frontend\\src\\__tests__\\ContentUploadForm.controlled.test.js","startTime":1765084993045,"status":"passed","summary":""},{"assertionResults":[{"ancestorTitles":["ContentUploadForm payloads"],"duration":931,"failing":false,"failureDetails":[],"failureMessages":[],"fullName":"ContentUploadForm payloads Preview payload contains platforms and platform_options","invocations":1,"location":null,"numPassingAsserts":10,"retryReasons":[],"startAt":1765084998732,"status":"passed","title":"Preview payload contains platforms and platform_options"},{"ancestorTitles":["ContentUploadForm payloads"],"duration":1761,"failing":false,"failureDetails":[],"failureMessages":[],"fullName":"ContentUploadForm payloads Submit payload includes platforms and platform_options","invocations":1,"location":null,"numPassingAsserts":7,"retryReasons":[],"startAt":1765084999665,"status":"passed","title":"Submit payload includes platforms and platform_options"}],"endTime":1765085001431,"message":"","name":"C:\\Users\\asus\\AutoPromte\\AutoPromote\\frontend\\src\\__tests__\\ContentUploadForm.payload.test.js","startTime":1765084997683,"status":"passed","summary":""},{"assertionResults":[{"ancestorTitles":["SchedulesPanel create schedule"],"duration":299,"failing":false,"failureDetails":[],"failureMessages":[],"fullName":"SchedulesPanel create schedule Calls onCreate with contentId and platforms","invocations":1,"location":null,"numPassingAsserts":7,"retryReasons":[],"startAt":1765085002678,"status":"passed","title":"Calls onCreate with contentId and platforms"}],"endTime":1765085002980,"message":"","name":"C:\\Users\\asus\\AutoPromte\\AutoPromote\\frontend\\src\\__tests__\\SchedulesPanel.create.test.js","startTime":1765085001514,"status":"passed","summary":""},{"assertionResults":[{"ancestorTitles":["ConnectionsPanel display and disconnect"],"duration":63,"failing":false,"failureDetails":[],"failureMessages":[],"fullName":"ConnectionsPanel display and disconnect shows username for connected Twitter and calls disconnect handler","invocations":1,"location":null,"numPassingAsserts":2,"retryReasons":[],"startAt":1765085004479,"status":"passed","title":"shows username for connected Twitter and calls disconnect handler"}],"endTime":1765085004559,"message":"","name":"C:\\Users\\asus\\AutoPromte\\AutoPromote\\frontend\\src\\__tests__\\ConnectionsPanel.test.js","startTime":1765085003077,"status":"passed","summary":""},{"assertionResults":[{"ancestorTitles":["isAllowedAuthUrl helper"],"duration":3,"failing":false,"failureDetails":[],"failureMessages":[],"fullName":"isAllowedAuthUrl helper returns false for empty or non-strings","invocations":1,"location":null,"numPassingAsserts":4,"retryReasons":[],"startAt":1765085005191,"status":"passed","title":"returns false for empty or non-strings"},{"ancestorTitles":["isAllowedAuthUrl helper"],"duration":2,"failing":false,"failureDetails":[],"failureMessages":[],"fullName":"isAllowedAuthUrl helper allows tg:// deep links","invocations":1,"location":null,"numPassingAsserts":2,"retryReasons":[],"startAt":1765085005212,"status":"passed","title":"allows tg:// deep links"},{"ancestorTitles":["isAllowedAuthUrl helper"],"duration":16,"failing":false,"failureDetails":[],"failureMessages":[],"fullName":"isAllowedAuthUrl helper allows known oauth hostnames","invocations":1,"location":null,"numPassingAsserts":6,"retryReasons":[],"startAt":1765085005228,"status":"passed","title":"allows known oauth hostnames"},{"ancestorTitles":["isAllowedAuthUrl helper"],"duration":16,"failing":false,"failureDetails":[],"failureMessages":[],"fullName":"isAllowedAuthUrl helper allows same-origin URLs","invocations":1,"location":null,"numPassingAsserts":1,"retryReasons":[],"startAt":1765085005315,"status":"passed","title":"allows same-origin URLs"},{"ancestorTitles":["isAllowedAuthUrl helper"],"duration":54,"failing":false,"failureDetails":[],"failureMessages":[],"fullName":"isAllowedAuthUrl helper rejects other origins","invocations":1,"location":null,"numPassingAsserts":3,"retryReasons":[],"startAt":1765085005345,"status":"passed","title":"rejects other origins"}],"endTime":1765085005463,"message":"","name":"C:\\Users\\asus\\AutoPromte\\AutoPromote\\frontend\\src\\utils\\__tests__\\isAllowedAuthUrl.test.js","startTime":1765085004630,"status":"passed","summary":""}],"wasInterrupted":false}
