{
  "numFailedTestSuites": 0,
  "numFailedTests": 0,
  "numPassedTestSuites": 22,
  "numPassedTests": 53,
  "numPendingTestSuites": 1,
  "numPendingTests": 1,
  "numRuntimeErrorTestSuites": 0,
  "numTodoTests": 0,
  "numTotalTestSuites": 23,
  "numTotalTests": 54,
  "openHandles": [],
  "snapshot": {
    "added": 0,
    "didUpdate": false,
    "failure": false,
    "filesAdded": 0,
    "filesRemoved": 0,
    "filesRemovedList": [],
    "filesUnmatched": 0,
    "filesUpdated": 0,
    "matched": 0,
    "total": 0,
    "unchecked": 0,
    "uncheckedKeysByFile": [],
    "unmatched": 0,
    "updated": 0
  },
  "startTime": 1765084645380,
  "success": true,
  "testResults": [
    {
      "assertionResults": [
        {
          "ancestorTitles": [
            "All Platform Features Integration",
            "Content Upload & Promotion Integration"
          ],
          "duration": 703,
          "failing": false,
          "failureDetails": [],
          "failureMessages": [],
          "fullName": "All Platform Features Integration Content Upload & Promotion Integration should upload content and create promotion schedules for all platforms",
          "invocations": 1,
          "location": null,
          "numPassingAsserts": 8,
          "retryReasons": [],
          "startAt": 1765084721493,
          "status": "passed",
          "title": "should upload content and create promotion schedules for all platforms"
        },
        {
          "ancestorTitles": ["All Platform Features Integration", "Platform Features Integration"],
          "duration": 643,
          "failing": false,
          "failureDetails": [],
          "failureMessages": [],
          "fullName": "All Platform Features Integration Platform Features Integration should get analytics for content",
          "invocations": 1,
          "location": null,
          "numPassingAsserts": 1,
          "retryReasons": [],
          "startAt": 1765084722362,
          "status": "passed",
          "title": "should get analytics for content"
        },
        {
          "ancestorTitles": ["All Platform Features Integration", "Platform Features Integration"],
          "duration": 1247,
          "failing": false,
          "failureDetails": [],
          "failureMessages": [],
          "fullName": "All Platform Features Integration Platform Features Integration should allow admin to process payout",
          "invocations": 1,
          "location": null,
          "numPassingAsserts": 1,
          "retryReasons": [],
          "startAt": 1765084723014,
          "status": "passed",
          "title": "should allow admin to process payout"
        },
        {
          "ancestorTitles": ["All Platform Features Integration", "Platform Features Integration"],
          "duration": 2774,
          "failing": false,
          "failureDetails": [],
          "failureMessages": [],
          "fullName": "All Platform Features Integration Platform Features Integration should allow admin to moderate content",
          "invocations": 1,
          "location": null,
          "numPassingAsserts": 1,
          "retryReasons": [],
          "startAt": 1765084724389,
          "status": "passed",
          "title": "should allow admin to moderate content"
        },
        {
          "ancestorTitles": ["All Platform Features Integration", "Platform Features Integration"],
          "duration": 1676,
          "failing": false,
          "failureDetails": [],
          "failureMessages": [],
          "fullName": "All Platform Features Integration Platform Features Integration should get leaderboard",
          "invocations": 1,
          "location": null,
          "numPassingAsserts": 2,
          "retryReasons": [],
          "startAt": 1765084727165,
          "status": "passed",
          "title": "should get leaderboard"
        },
        {
          "ancestorTitles": ["All Platform Features Integration", "Platform Features Integration"],
          "duration": 3328,
          "failing": false,
          "failureDetails": [],
          "failureMessages": [],
          "fullName": "All Platform Features Integration Platform Features Integration should create growth squad",
          "invocations": 1,
          "location": null,
          "numPassingAsserts": 2,
          "retryReasons": [],
          "startAt": 1765084728844,
          "status": "passed",
          "title": "should create growth squad"
        },
        {
          "ancestorTitles": ["All Platform Features Integration", "Platform Features Integration"],
          "duration": 2995,
          "failing": false,
          "failureDetails": [],
          "failureMessages": [],
          "fullName": "All Platform Features Integration Platform Features Integration should create viral challenge",
          "invocations": 1,
          "location": null,
          "numPassingAsserts": 2,
          "retryReasons": [],
          "startAt": 1765084732173,
          "status": "passed",
          "title": "should create viral challenge"
        },
        {
          "ancestorTitles": ["All Platform Features Integration", "Platform Features Integration"],
          "duration": 4640,
          "failing": false,
          "failureDetails": [],
          "failureMessages": [],
          "fullName": "All Platform Features Integration Platform Features Integration should detect fraud",
          "invocations": 1,
          "location": null,
          "numPassingAsserts": 2,
          "retryReasons": [],
          "startAt": 1765084735169,
          "status": "passed",
          "title": "should detect fraud"
        },
        {
          "ancestorTitles": ["All Platform Features Integration", "Platform Features Integration"],
          "duration": 6198,
          "failing": false,
          "failureDetails": [],
          "failureMessages": [],
          "fullName": "All Platform Features Integration Platform Features Integration should enforce rate limiting on upload",
          "invocations": 1,
          "location": null,
          "numPassingAsserts": 1,
          "retryReasons": [],
          "startAt": 1765084740025,
          "status": "passed",
          "title": "should enforce rate limiting on upload"
        },
        {
          "ancestorTitles": ["All Platform Features Integration", "Platform Features Integration"],
          "duration": 4145,
          "failing": false,
          "failureDetails": [],
          "failureMessages": [],
          "fullName": "All Platform Features Integration Platform Features Integration should reject invalid upload payloads (schema validation)",
          "invocations": 1,
          "location": null,
          "numPassingAsserts": 2,
          "retryReasons": [],
          "startAt": 1765084746637,
          "status": "passed",
          "title": "should reject invalid upload payloads (schema validation)"
        }
      ],
      "endTime": 1765084750797,
      "message": "",
      "name": "C:\\Users\\asus\\AutoPromte\\AutoPromote\\src\\__tests__\\all.features.integration.test.js",
      "startTime": 1765084645943,
      "status": "passed",
      "summary": ""
    },
    {
      "assertionResults": [
        {
          "ancestorTitles": ["Platform Features Integration"],
          "duration": 436,
          "failing": false,
          "failureDetails": [],
          "failureMessages": [],
          "fullName": "Platform Features Integration should get analytics for content",
          "invocations": 1,
          "location": null,
          "numPassingAsserts": 1,
          "retryReasons": [],
          "startAt": 1765084798057,
          "status": "passed",
          "title": "should get analytics for content"
        },
        {
          "ancestorTitles": ["Platform Features Integration"],
          "duration": 634,
          "failing": false,
          "failureDetails": [],
          "failureMessages": [],
          "fullName": "Platform Features Integration should allow admin to process payout",
          "invocations": 1,
          "location": null,
          "numPassingAsserts": 1,
          "retryReasons": [],
          "startAt": 1765084798644,
          "status": "passed",
          "title": "should allow admin to process payout"
        },
        {
          "ancestorTitles": ["Platform Features Integration"],
          "duration": 1150,
          "failing": false,
          "failureDetails": [],
          "failureMessages": [],
          "fullName": "Platform Features Integration should allow admin to moderate content",
          "invocations": 1,
          "location": null,
          "numPassingAsserts": 1,
          "retryReasons": [],
          "startAt": 1765084799280,
          "status": "passed",
          "title": "should allow admin to moderate content"
        },
        {
          "ancestorTitles": ["Platform Features Integration"],
          "duration": 1514,
          "failing": false,
          "failureDetails": [],
          "failureMessages": [],
          "fullName": "Platform Features Integration should get leaderboard",
          "invocations": 1,
          "location": null,
          "numPassingAsserts": 2,
          "retryReasons": [],
          "startAt": 1765084800461,
          "status": "passed",
          "title": "should get leaderboard"
        },
        {
          "ancestorTitles": ["Platform Features Integration"],
          "duration": 1993,
          "failing": false,
          "failureDetails": [],
          "failureMessages": [],
          "fullName": "Platform Features Integration should create growth squad",
          "invocations": 1,
          "location": null,
          "numPassingAsserts": 2,
          "retryReasons": [],
          "startAt": 1765084801978,
          "status": "passed",
          "title": "should create growth squad"
        },
        {
          "ancestorTitles": ["Platform Features Integration"],
          "duration": 3148,
          "failing": false,
          "failureDetails": [],
          "failureMessages": [],
          "fullName": "Platform Features Integration should create viral challenge",
          "invocations": 1,
          "location": null,
          "numPassingAsserts": 2,
          "retryReasons": [],
          "startAt": 1765084803974,
          "status": "passed",
          "title": "should create viral challenge"
        },
        {
          "ancestorTitles": ["Platform Features Integration"],
          "duration": 2870,
          "failing": false,
          "failureDetails": [],
          "failureMessages": [],
          "fullName": "Platform Features Integration should detect fraud",
          "invocations": 1,
          "location": null,
          "numPassingAsserts": 2,
          "retryReasons": [],
          "startAt": 1765084807124,
          "status": "passed",
          "title": "should detect fraud"
        },
        {
          "ancestorTitles": ["Platform Features Integration"],
          "duration": 3603,
          "failing": false,
          "failureDetails": [],
          "failureMessages": [],
          "fullName": "Platform Features Integration should enforce rate limiting on upload",
          "invocations": 1,
          "location": null,
          "numPassingAsserts": 1,
          "retryReasons": [],
          "startAt": 1765084810003,
          "status": "passed",
          "title": "should enforce rate limiting on upload"
        },
        {
          "ancestorTitles": ["Platform Features Integration"],
          "duration": 3533,
          "failing": false,
          "failureDetails": [],
          "failureMessages": [],
          "fullName": "Platform Features Integration should reject invalid upload payloads (schema validation)",
          "invocations": 1,
          "location": null,
          "numPassingAsserts": 2,
          "retryReasons": [],
          "startAt": 1765084813608,
          "status": "passed",
          "title": "should reject invalid upload payloads (schema validation)"
        }
      ],
      "endTime": 1765084817157,
      "message": "",
      "name": "C:\\Users\\asus\\AutoPromte\\AutoPromote\\src\\__tests__\\platform.features.integration.test.js",
      "startTime": 1765084752542,
      "status": "passed",
      "summary": ""
    },
    {
      "assertionResults": [
        {
          "ancestorTitles": ["Spotify search route"],
          "duration": 317,
          "failing": false,
          "failureDetails": [],
          "failureMessages": [],
          "fullName": "Spotify search route returns search results for authenticated user",
          "invocations": 1,
          "location": null,
          "numPassingAsserts": 4,
          "retryReasons": [],
          "startAt": 1765084823670,
          "status": "passed",
          "title": "returns search results for authenticated user"
        },
        {
          "ancestorTitles": ["Spotify search route"],
          "duration": 618,
          "failing": false,
          "failureDetails": [],
          "failureMessages": [],
          "fullName": "Spotify search route creates a new playlist",
          "invocations": 1,
          "location": null,
          "numPassingAsserts": 3,
          "retryReasons": [],
          "startAt": 1765084823989,
          "status": "passed",
          "title": "creates a new playlist"
        },
        {
          "ancestorTitles": ["Spotify search route"],
          "duration": 1088,
          "failing": false,
          "failureDetails": [],
          "failureMessages": [],
          "fullName": "Spotify search route adds tracks to playlist",
          "invocations": 1,
          "location": null,
          "numPassingAsserts": 3,
          "retryReasons": [],
          "startAt": 1765084824618,
          "status": "passed",
          "title": "adds tracks to playlist"
        },
        {
          "ancestorTitles": ["Spotify search route"],
          "duration": 1551,
          "failing": false,
          "failureDetails": [],
          "failureMessages": [],
          "fullName": "Spotify search route returns spotify metadata (playlists) for connected user",
          "invocations": 1,
          "location": null,
          "numPassingAsserts": 2,
          "retryReasons": [],
          "startAt": 1765084825707,
          "status": "passed",
          "title": "returns spotify metadata (playlists) for connected user"
        }
      ],
      "endTime": 1765084827271,
      "message": "",
      "name": "C:\\Users\\asus\\AutoPromte\\AutoPromote\\src\\__tests__\\spotify.search.test.js",
      "startTime": 1765084817256,
      "status": "passed",
      "summary": ""
    },
    {
      "assertionResults": [
        {
          "ancestorTitles": ["Content Upload & Promotion Integration"],
          "duration": 351,
          "failing": false,
          "failureDetails": [],
          "failureMessages": [],
          "fullName": "Content Upload & Promotion Integration should upload content and create promotion schedules for all platforms",
          "invocations": 1,
          "location": null,
          "numPassingAsserts": 8,
          "retryReasons": [],
          "startAt": 1765084841451,
          "status": "passed",
          "title": "should upload content and create promotion schedules for all platforms"
        }
      ],
      "endTime": 1765084841869,
      "message": "",
      "name": "C:\\Users\\asus\\AutoPromte\\AutoPromote\\src\\__tests__\\contentUpload.integration.test.js",
      "startTime": 1765084827341,
      "status": "passed",
      "summary": ""
    },
    {
      "assertionResults": [
        {
          "ancestorTitles": ["tiktokRoutes"],
          "duration": 150,
          "failing": false,
          "failureDetails": [],
          "failureMessages": [],
          "fullName": "tiktokRoutes GET auth page returns HTML and 200",
          "invocations": 1,
          "location": null,
          "numPassingAsserts": 2,
          "retryReasons": [],
          "startAt": 1765084842818,
          "status": "passed",
          "title": "GET auth page returns HTML and 200"
        },
        {
          "ancestorTitles": ["tiktokRoutes"],
          "duration": 495,
          "failing": false,
          "failureDetails": [],
          "failureMessages": [],
          "fullName": "tiktokRoutes status returns connected false when no connection present",
          "invocations": 1,
          "location": null,
          "numPassingAsserts": 2,
          "retryReasons": [],
          "startAt": 1765084842970,
          "status": "passed",
          "title": "status returns connected false when no connection present"
        },
        {
          "ancestorTitles": ["tiktokRoutes"],
          "duration": 1406,
          "failing": false,
          "failureDetails": [],
          "failureMessages": [],
          "fullName": "tiktokRoutes callback stores encrypted tokens when encryption enabled",
          "invocations": 1,
          "location": null,
          "numPassingAsserts": 0,
          "retryReasons": [],
          "startAt": 1765084843564,
          "status": "passed",
          "title": "callback stores encrypted tokens when encryption enabled"
        }
      ],
      "endTime": 1765084844982,
      "message": "",
      "name": "C:\\Users\\asus\\AutoPromte\\AutoPromote\\src\\routes\\__tests__\\tiktokRoutes.test.js",
      "startTime": 1765084841964,
      "status": "passed",
      "summary": ""
    },
    {
      "assertionResults": [
        {
          "ancestorTitles": ["platformPoster platformOptions merge"],
          "duration": 15,
          "failing": false,
          "failureDetails": [],
          "failureMessages": [],
          "fullName": "platformPoster platformOptions merge dispatchPlatformPost merges platformOptions into top-level args for pinterest",
          "invocations": 1,
          "location": null,
          "numPassingAsserts": 3,
          "retryReasons": [],
          "startAt": 1765084846698,
          "status": "passed",
          "title": "dispatchPlatformPost merges platformOptions into top-level args for pinterest"
        }
      ],
      "endTime": 1765084846716,
      "message": "",
      "name": "C:\\Users\\asus\\AutoPromte\\AutoPromote\\src\\services\\__tests__\\platformPoster.options.test.js",
      "startTime": 1765084845020,
      "status": "passed",
      "summary": ""
    },
    {
      "assertionResults": [
        {
          "ancestorTitles": ["mediaTransform"],
          "duration": 72,
          "failing": false,
          "failureDetails": [],
          "failureMessages": [],
          "fullName": "mediaTransform enqueues and processes a transform task (mocked ffmpeg/storage)",
          "invocations": 1,
          "location": null,
          "numPassingAsserts": 3,
          "retryReasons": [],
          "startAt": 1765084850162,
          "status": "passed",
          "title": "enqueues and processes a transform task (mocked ffmpeg/storage)"
        }
      ],
      "endTime": 1765084850247,
      "message": "",
      "name": "C:\\Users\\asus\\AutoPromte\\AutoPromote\\src\\__tests__\\mediaTransform.test.js",
      "startTime": 1765084847942,
      "status": "passed",
      "summary": ""
    },
    {
      "assertionResults": [
        {
          "ancestorTitles": ["facebookRoutes"],
          "duration": 248,
          "failing": false,
          "failureDetails": [],
          "failureMessages": [],
          "fullName": "facebookRoutes requirements and health endpoints return info",
          "invocations": 1,
          "location": null,
          "numPassingAsserts": 2,
          "retryReasons": [],
          "startAt": 1765084851082,
          "status": "passed",
          "title": "requirements and health endpoints return info"
        },
        {
          "ancestorTitles": ["facebookRoutes"],
          "duration": 148,
          "failing": false,
          "failureDetails": [],
          "failureMessages": [],
          "fullName": "facebookRoutes status returns connected false when not connected",
          "invocations": 1,
          "location": null,
          "numPassingAsserts": 1,
          "retryReasons": [],
          "startAt": 1765084851335,
          "status": "passed",
          "title": "status returns connected false when not connected"
        }
      ],
      "endTime": 1765084851546,
      "message": "",
      "name": "C:\\Users\\asus\\AutoPromte\\AutoPromote\\src\\routes\\__tests__\\facebookRoutes.test.js",
      "startTime": 1765084850312,
      "status": "passed",
      "summary": ""
    },
    {
      "assertionResults": [
        {
          "ancestorTitles": ["algorithmExploitationEngine LinkedIn/Reddit support"],
          "duration": 76,
          "failing": false,
          "failureDetails": [],
          "failureMessages": [],
          "fullName": "algorithmExploitationEngine LinkedIn/Reddit support optimizeForAlgorithm generates hashtags for LinkedIn",
          "invocations": 1,
          "location": null,
          "numPassingAsserts": 5,
          "retryReasons": [],
          "startAt": 1765084851966,
          "status": "passed",
          "title": "optimizeForAlgorithm generates hashtags for LinkedIn"
        },
        {
          "ancestorTitles": ["algorithmExploitationEngine LinkedIn/Reddit support"],
          "duration": 3,
          "failing": false,
          "failureDetails": [],
          "failureMessages": [],
          "fullName": "algorithmExploitationEngine LinkedIn/Reddit support optimizeForAlgorithm handles Reddit (no hashtags) gracefully",
          "invocations": 1,
          "location": null,
          "numPassingAsserts": 5,
          "retryReasons": [],
          "startAt": 1765084852048,
          "status": "passed",
          "title": "optimizeForAlgorithm handles Reddit (no hashtags) gracefully"
        }
      ],
      "endTime": 1765084852065,
      "message": "",
      "name": "C:\\Users\\asus\\AutoPromte\\AutoPromote\\src\\services\\__tests__\\algorithmExploitationEngine.test.js",
      "startTime": 1765084851634,
      "status": "passed",
      "summary": ""
    },
    {
      "assertionResults": [
        {
          "ancestorTitles": ["abAdminRoutes simulate"],
          "duration": 575,
          "failing": false,
          "failureDetails": [],
          "failureMessages": [],
          "fullName": "abAdminRoutes simulate simulate endpoint returns deterministic simulation and budget simulation",
          "invocations": 1,
          "location": null,
          "numPassingAsserts": 7,
          "retryReasons": [],
          "startAt": 1765084853032,
          "status": "passed",
          "title": "simulate endpoint returns deterministic simulation and budget simulation"
        }
      ],
      "endTime": 1765084853630,
      "message": "",
      "name": "C:\\Users\\asus\\AutoPromte\\AutoPromote\\src\\routes\\__tests__\\abAdminRoutes.simulate.test.js",
      "startTime": 1765084852176,
      "status": "passed",
      "summary": ""
    },
    {
      "assertionResults": [
        {
          "ancestorTitles": ["EngagementBoostingService LinkedIn & Reddit support"],
          "duration": 6,
          "failing": false,
          "failureDetails": [],
          "failureMessages": [],
          "fullName": "EngagementBoostingService LinkedIn & Reddit support generateViralCaption returns LinkedIn-ready caption and hashtags limit",
          "invocations": 1,
          "location": null,
          "numPassingAsserts": 4,
          "retryReasons": [],
          "startAt": 1765084854058,
          "status": "passed",
          "title": "generateViralCaption returns LinkedIn-ready caption and hashtags limit"
        },
        {
          "ancestorTitles": ["EngagementBoostingService LinkedIn & Reddit support"],
          "duration": 3,
          "failing": false,
          "failureDetails": [],
          "failureMessages": [],
          "fullName": "EngagementBoostingService LinkedIn & Reddit support generateViralCaption returns Reddit caption and has no hashtags",
          "invocations": 1,
          "location": null,
          "numPassingAsserts": 4,
          "retryReasons": [],
          "startAt": 1765084854076,
          "status": "passed",
          "title": "generateViralCaption returns Reddit caption and has no hashtags"
        }
      ],
      "endTime": 1765084854095,
      "message": "",
      "name": "C:\\Users\\asus\\AutoPromte\\AutoPromote\\src\\services\\__tests__\\engagementBoostingService.test.js",
      "startTime": 1765084853754,
      "status": "passed",
      "summary": ""
    },
    {
      "assertionResults": [
        {
          "ancestorTitles": ["abAdminRoutes metrics"],
          "duration": 113,
          "failing": false,
          "failureDetails": [],
          "failureMessages": [],
          "fullName": "abAdminRoutes metrics returns timeseries, variants, and actions for given test id",
          "invocations": 1,
          "location": null,
          "numPassingAsserts": 7,
          "retryReasons": [],
          "startAt": 1765084855018,
          "status": "passed",
          "title": "returns timeseries, variants, and actions for given test id"
        }
      ],
      "endTime": 1765084855145,
      "message": "",
      "name": "C:\\Users\\asus\\AutoPromte\\AutoPromote\\src\\routes\\__tests__\\abAdminRoutes.metrics.test.js",
      "startTime": 1765084854466,
      "status": "passed",
      "summary": ""
    },
    {
      "assertionResults": [
        {
          "ancestorTitles": ["PlatformPoster Spotify handler"],
          "duration": 4,
          "failing": false,
          "failureDetails": [],
          "failureMessages": [],
          "fullName": "PlatformPoster Spotify handler adds tracks to playlist when playlistId and trackUris provided",
          "invocations": 1,
          "location": null,
          "numPassingAsserts": 3,
          "retryReasons": [],
          "startAt": 1765084855745,
          "status": "passed",
          "title": "adds tracks to playlist when playlistId and trackUris provided"
        },
        {
          "ancestorTitles": ["PlatformPoster Spotify handler"],
          "duration": 10,
          "failing": false,
          "failureDetails": [],
          "failureMessages": [],
          "fullName": "PlatformPoster Spotify handler creates a playlist when name provided and adds tracks",
          "invocations": 1,
          "location": null,
          "numPassingAsserts": 3,
          "retryReasons": [],
          "startAt": 1765084855751,
          "status": "passed",
          "title": "creates a playlist when name provided and adds tracks"
        }
      ],
      "endTime": 1765084855764,
      "message": "",
      "name": "C:\\Users\\asus\\AutoPromte\\AutoPromote\\src\\__tests__\\platformPoster.spotify.test.js",
      "startTime": 1765084855290,
      "status": "passed",
      "summary": ""
    },
    {
      "assertionResults": [
        {
          "ancestorTitles": ["pinterestService.createBoard"],
          "duration": 14,
          "failing": false,
          "failureDetails": [],
          "failureMessages": [],
          "fullName": "pinterestService.createBoard simulates board create when no token present",
          "invocations": 1,
          "location": null,
          "numPassingAsserts": 4,
          "retryReasons": [],
          "startAt": 1765084856200,
          "status": "passed",
          "title": "simulates board create when no token present"
        },
        {
          "ancestorTitles": ["pinterestService.createBoard"],
          "duration": 15,
          "failing": false,
          "failureDetails": [],
          "failureMessages": [],
          "fullName": "pinterestService.createBoard creates board with access token via Pinterest API",
          "invocations": 1,
          "location": null,
          "numPassingAsserts": 4,
          "retryReasons": [],
          "startAt": 1765084856216,
          "status": "passed",
          "title": "creates board with access token via Pinterest API"
        }
      ],
      "endTime": 1765084856235,
      "message": "",
      "name": "C:\\Users\\asus\\AutoPromte\\AutoPromote\\src\\services\\__tests__\\pinterestService.createBoard.test.js",
      "startTime": 1765084855897,
      "status": "passed",
      "summary": ""
    },
    {
      "assertionResults": [
        {
          "ancestorTitles": ["Firestore Connectivity"],
          "duration": 11,
          "failing": false,
          "failureDetails": [],
          "failureMessages": [],
          "fullName": "Firestore Connectivity should write and read a test document",
          "invocations": 1,
          "location": null,
          "numPassingAsserts": 2,
          "retryReasons": [],
          "startAt": 1765084856614,
          "status": "passed",
          "title": "should write and read a test document"
        }
      ],
      "endTime": 1765084856631,
      "message": "",
      "name": "C:\\Users\\asus\\AutoPromte\\AutoPromote\\src\\__tests__\\firestore.connectivity.test.js",
      "startTime": 1765084856378,
      "status": "passed",
      "summary": ""
    },
    {
      "assertionResults": [
        {
          "ancestorTitles": ["platformPoster snapchat handler"],
          "duration": 14,
          "failing": false,
          "failureDetails": [],
          "failureMessages": [],
          "fullName": "platformPoster snapchat handler dispatchPlatformPost merges platformOptions to top-level for snapchat",
          "invocations": 1,
          "location": null,
          "numPassingAsserts": 3,
          "retryReasons": [],
          "startAt": 1765084857013,
          "status": "passed",
          "title": "dispatchPlatformPost merges platformOptions to top-level for snapchat"
        }
      ],
      "endTime": 1765084857031,
      "message": "",
      "name": "C:\\Users\\asus\\AutoPromte\\AutoPromote\\src\\services\\__tests__\\platformPoster.snapchat.test.js",
      "startTime": 1765084856697,
      "status": "passed",
      "summary": ""
    },
    {
      "assertionResults": [
        {
          "ancestorTitles": ["hashtagEngine formatting"],
          "duration": 4,
          "failing": false,
          "failureDetails": [],
          "failureMessages": [],
          "fullName": "hashtagEngine formatting LinkedIn formatting returns space-separated # tags and limits to 5",
          "invocations": 1,
          "location": null,
          "numPassingAsserts": 1,
          "retryReasons": [],
          "startAt": 1765084857427,
          "status": "passed",
          "title": "LinkedIn formatting returns space-separated # tags and limits to 5"
        },
        {
          "ancestorTitles": ["hashtagEngine formatting"],
          "duration": 10,
          "failing": false,
          "failureDetails": [],
          "failureMessages": [],
          "fullName": "hashtagEngine formatting Reddit formatting removes leading # and returns comma list",
          "invocations": 1,
          "location": null,
          "numPassingAsserts": 1,
          "retryReasons": [],
          "startAt": 1765084857433,
          "status": "passed",
          "title": "Reddit formatting removes leading # and returns comma list"
        },
        {
          "ancestorTitles": ["hashtagEngine formatting"],
          "duration": 3,
          "failing": false,
          "failureDetails": [],
          "failureMessages": [],
          "fullName": "hashtagEngine formatting generateCustomHashtags includes formatted string in result for LinkedIn and Reddit",
          "invocations": 1,
          "location": null,
          "numPassingAsserts": 3,
          "retryReasons": [],
          "startAt": 1765084857464,
          "status": "passed",
          "title": "generateCustomHashtags includes formatted string in result for LinkedIn and Reddit"
        }
      ],
      "endTime": 1765084857483,
      "message": "",
      "name": "C:\\Users\\asus\\AutoPromte\\AutoPromote\\src\\services\\__tests__\\hashtagEngine.test.js",
      "startTime": 1765084857112,
      "status": "passed",
      "summary": ""
    },
    {
      "assertionResults": [
        {
          "ancestorTitles": ["snapchatService.postToSnapchat"],
          "duration": 11,
          "failing": false,
          "failureDetails": [],
          "failureMessages": [],
          "fullName": "snapchatService.postToSnapchat simulates when no tokens",
          "invocations": 1,
          "location": null,
          "numPassingAsserts": 2,
          "retryReasons": [],
          "startAt": 1765084857834,
          "status": "passed",
          "title": "simulates when no tokens"
        }
      ],
      "endTime": 1765084857849,
      "message": "",
      "name": "C:\\Users\\asus\\AutoPromte\\AutoPromote\\src\\services\\__tests__\\snapchatService.post.test.js",
      "startTime": 1765084857564,
      "status": "passed",
      "summary": ""
    },
    {
      "assertionResults": [
        {
          "ancestorTitles": ["platformPoster hashtag injection"],
          "duration": 11,
          "failing": false,
          "failureDetails": [],
          "failureMessages": [],
          "fullName": "platformPoster hashtag injection dispatchPlatformPost injects hashtags and calls reddit handler",
          "invocations": 1,
          "location": null,
          "numPassingAsserts": 3,
          "retryReasons": [],
          "startAt": 1765084858233,
          "status": "passed",
          "title": "dispatchPlatformPost injects hashtags and calls reddit handler"
        },
        {
          "ancestorTitles": ["platformPoster hashtag injection"],
          "duration": 4,
          "failing": false,
          "failureDetails": [],
          "failureMessages": [],
          "fullName": "platformPoster hashtag injection dispatchPlatformPost injects hashtags and calls linkedin handler with hashtagString",
          "invocations": 1,
          "location": null,
          "numPassingAsserts": 2,
          "retryReasons": [],
          "startAt": 1765084858246,
          "status": "passed",
          "title": "dispatchPlatformPost injects hashtags and calls linkedin handler with hashtagString"
        },
        {
          "ancestorTitles": ["platformPoster hashtag injection"],
          "duration": 5,
          "failing": false,
          "failureDetails": [],
          "failureMessages": [],
          "fullName": "platformPoster hashtag injection dispatchPlatformPost injects hashtags and calls discord handler with hashtag string",
          "invocations": 1,
          "location": null,
          "numPassingAsserts": 2,
          "retryReasons": [],
          "startAt": 1765084858258,
          "status": "passed",
          "title": "dispatchPlatformPost injects hashtags and calls discord handler with hashtag string"
        }
      ],
      "endTime": 1765084858277,
      "message": "",
      "name": "C:\\Users\\asus\\AutoPromte\\AutoPromote\\src\\services\\__tests__\\platformPoster.hashtags.test.js",
      "startTime": 1765084857933,
      "status": "passed",
      "summary": ""
    },
    {
      "assertionResults": [
        {
          "ancestorTitles": ["LinkedIn posting with hashtags"],
          "duration": 7,
          "failing": false,
          "failureDetails": [],
          "failureMessages": [],
          "fullName": "LinkedIn posting with hashtags appends hashtagString to shareCommentary.text",
          "invocations": 1,
          "location": null,
          "numPassingAsserts": 5,
          "retryReasons": [],
          "startAt": 1765084860726,
          "status": "passed",
          "title": "appends hashtagString to shareCommentary.text"
        }
      ],
      "endTime": 1765084860745,
      "message": "",
      "name": "C:\\Users\\asus\\AutoPromte\\AutoPromote\\src\\services\\__tests__\\linkedinService.test.js",
      "startTime": 1765084859075,
      "status": "passed",
      "summary": ""
    },
    {
      "assertionResults": [
        {
          "ancestorTitles": ["Reddit posting with hashtags"],
          "duration": 183,
          "failing": false,
          "failureDetails": [],
          "failureMessages": [],
          "fullName": "Reddit posting with hashtags includes hashtagString in text for self posts",
          "invocations": 1,
          "location": null,
          "numPassingAsserts": 4,
          "retryReasons": [],
          "startAt": 1765084861493,
          "status": "passed",
          "title": "includes hashtagString in text for self posts"
        }
      ],
      "endTime": 1765084861681,
      "message": "",
      "name": "C:\\Users\\asus\\AutoPromte\\AutoPromote\\src\\services\\__tests__\\redditService.test.js",
      "startTime": 1765084861063,
      "status": "passed",
      "summary": ""
    },
    {
      "assertionResults": [
        {
          "ancestorTitles": ["tiktokService"],
          "duration": 19,
          "failing": false,
          "failureDetails": [],
          "failureMessages": [],
          "fullName": "tiktokService uploadTikTokVideo returns simulated id",
          "invocations": 1,
          "location": null,
          "numPassingAsserts": 2,
          "retryReasons": [],
          "startAt": 1765084862980,
          "status": "passed",
          "title": "uploadTikTokVideo returns simulated id"
        }
      ],
      "endTime": 1765084863345,
      "message": "",
      "name": "C:\\Users\\asus\\AutoPromte\\AutoPromote\\src\\services\\__tests__\\tiktokService.test.js",
      "startTime": 1765084861780,
      "status": "passed",
      "summary": ""
    },
    {
      "assertionResults": [
        {
          "ancestorTitles": ["ScheduleCard"],
          "duration": null,
          "failing": false,
          "failureDetails": [],
          "failureMessages": [],
          "fullName": "ScheduleCard skipped in non-frontend jest environment",
          "invocations": 1,
          "location": null,
          "numPassingAsserts": 0,
          "retryReasons": [],
          "startAt": 1765084865626,
          "status": "pending",
          "title": "skipped in non-frontend jest environment"
        }
      ],
      "coverage": {},
      "endTime": 1765084867043,
      "message": "",
      "name": "C:\\Users\\asus\\AutoPromte\\AutoPromote\\src\\__tests__\\scheduleCard.test.js",
      "startTime": 1765084867043,
      "status": "skipped",
      "summary": ""
    }
  ],
  "wasInterrupted": false
}
